#
# There is insufficient memory for the Java Runtime Environment to continue.
# Native memory allocation (mmap) failed to map 65536 bytes. Error detail: Failed to commit metaspace.
# Possible reasons:
#   The system is out of physical RAM or swap space
#   This process is running with CompressedOops enabled, and the Java Heap may be blocking the growth of the native heap
# Possible solutions:
#   Reduce memory load on the system
#   Increase physical memory or swap space
#   Check if swap backing store is full
#   Decrease Java heap size (-Xmx/-Xms)
#   Decrease number of Java threads
#   Decrease Java thread stack sizes (-Xss)
#   Set larger code cache with -XX:ReservedCodeCacheSize=
#   JVM is running with Unscaled Compressed Oops mode in which the Java heap is
#     placed in the first 4GB address space. The Java Heap base address is the
#     maximum limit for the native heap growth. Please use -XX:HeapBaseMinAddress
#     to set the Java Heap base and to place the Java Heap above 4GB virtual address.
# This output file may be truncated or incomplete.
#
#  Out of Memory Error (virtualSpaceNode.cpp:113), pid=9104, tid=17020
#
# JRE version: OpenJDK Runtime Environment Temurin-21.0.6+7 (21.0.6+7) (build 21.0.6+7-LTS)
# Java VM: OpenJDK 64-Bit Server VM Temurin-21.0.6+7 (21.0.6+7-LTS, mixed mode, emulated-client, sharing, tiered, compressed oops, compressed class ptrs, g1 gc, windows-amd64)
# No core dump will be written. Minidumps are not enabled by default on client versions of Windows
#

---------------  S U M M A R Y ------------

Command Line: -Dcom.sun.management.jmxremote -Dcom.sun.management.jmxremote.port=49448 -Dcom.sun.management.jmxremote.authenticate=false -Dcom.sun.management.jmxremote.ssl=false -Djava.rmi.server.hostname=localhost -Dspring.jmx.enabled=true -Dmanagement.endpoints.jmx.exposure.include=* -Dspring.application.admin.enabled=true -Dspring.output.ansi.enabled=always -XX:TieredStopAtLevel=1 -Dspring.boot.project.name=EquipmentService -Dfile.encoding=UTF-8 -Dstdout.encoding=UTF-8 -Dstderr.encoding=UTF-8 -XX:+ShowCodeDetailsInExceptionMessages com.greengear.equipment.GreanGearEquipment

Host: AMD Ryzen 3 3200U with Radeon Vega Mobile Gfx  , 4 cores, 3G,  Windows 11 , 64 bit Build 26100 (10.0.26100.4768)
Time: Sat Aug  2 18:16:23 2025 India Standard Time elapsed time: 12.710525 seconds (0d 0h 0m 12s)

---------------  T H R E A D  ---------------

Current thread (0x000001fcaa45be10):  JavaThread "main"             [_thread_in_vm, id=17020, stack(0x0000005e98000000,0x0000005e98100000) (1024K)]

Stack: [0x0000005e98000000,0x0000005e98100000]
Native frames: (J=compiled Java code, j=interpreted, Vv=VM code, C=native code)
V  [jvm.dll+0x6cdee9]
V  [jvm.dll+0x8a83d1]
V  [jvm.dll+0x8aa8fe]
V  [jvm.dll+0x8aafe3]
V  [jvm.dll+0x27f706]
V  [jvm.dll+0x8a411e]
V  [jvm.dll+0x670385]
V  [jvm.dll+0x6703ea]
V  [jvm.dll+0x672bd2]
V  [jvm.dll+0x672aa2]
V  [jvm.dll+0x670d5e]
V  [jvm.dll+0x67b007]
V  [jvm.dll+0x21561d]
V  [jvm.dll+0x215b9a]
V  [jvm.dll+0x2165c5]
V  [jvm.dll+0x20bb8e]
V  [jvm.dll+0x5ae3ec]
V  [jvm.dll+0x21d24a]
V  [jvm.dll+0x820d9c]
V  [jvm.dll+0x821dc4]
V  [jvm.dll+0x822392]
V  [jvm.dll+0x822018]
V  [jvm.dll+0x26cd7b]
V  [jvm.dll+0x3d479e]
C  0x000001fcb0008c94

The last pc belongs to new (printed below).
Java frames: (J=compiled Java code, j=interpreted, Vv=VM code)
j  sun.nio.ch.FileChannelImpl.<init>(Ljava/io/FileDescriptor;Ljava/lang/String;ZZZLjava/io/Closeable;)V+117 java.base@21.0.6
j  sun.nio.ch.FileChannelImpl.open(Ljava/io/FileDescriptor;Ljava/lang/String;ZZZLjava/io/Closeable;)Ljava/nio/channels/FileChannel;+12 java.base@21.0.6
j  sun.nio.fs.WindowsChannelFactory.newFileChannel(Ljava/lang/String;Ljava/lang/String;Ljava/util/Set;J)Ljava/nio/channels/FileChannel;+126 java.base@21.0.6
j  sun.nio.fs.WindowsFileSystemProvider.newByteChannel(Ljava/nio/file/Path;Ljava/util/Set;[Ljava/nio/file/attribute/FileAttribute;)Ljava/nio/channels/SeekableByteChannel;+28 java.base@21.0.6
j  java.nio.file.Files.newByteChannel(Ljava/nio/file/Path;Ljava/util/Set;[Ljava/nio/file/attribute/FileAttribute;)Ljava/nio/channels/SeekableByteChannel;+7 java.base@21.0.6
j  java.nio.file.Files.newByteChannel(Ljava/nio/file/Path;[Ljava/nio/file/OpenOption;)Ljava/nio/channels/SeekableByteChannel;+32 java.base@21.0.6
j  java.nio.file.spi.FileSystemProvider.newInputStream(Ljava/nio/file/Path;[Ljava/nio/file/OpenOption;)Ljava/io/InputStream;+79 java.base@21.0.6
j  java.nio.file.Files.newInputStream(Ljava/nio/file/Path;[Ljava/nio/file/OpenOption;)Ljava/io/InputStream;+6 java.base@21.0.6
j  jdk.jfr.internal.SecuritySupport.lambda$newFileInputStream$15(Ljdk/jfr/internal/SecuritySupport$SafePath;)Ljava/io/InputStream;+8 jdk.jfr@21.0.6
j  jdk.jfr.internal.SecuritySupport$$Lambda+0x000001fcb8020418.call()Ljava/lang/Object;+4 jdk.jfr@21.0.6
j  jdk.jfr.internal.SecuritySupport$1.run()Ljava/lang/Object;+4 jdk.jfr@21.0.6
J 822 c1 java.security.AccessController.executePrivileged(Ljava/security/PrivilegedExceptionAction;Ljava/security/AccessControlContext;Ljava/lang/Class;)Ljava/lang/Object; java.base@21.0.6 (65 bytes) @ 0x000001fcb023151c [0x000001fcb02314c0+0x000000000000005c]
j  java.security.AccessController.doPrivileged(Ljava/security/PrivilegedExceptionAction;Ljava/security/AccessControlContext;)Ljava/lang/Object;+13 java.base@21.0.6
j  jdk.jfr.internal.SecuritySupport.doPrivilegedIOWithReturn(Ljava/util/concurrent/Callable;)Ljava/lang/Object;+9 jdk.jfr@21.0.6
j  jdk.jfr.internal.SecuritySupport.newFileInputStream(Ljdk/jfr/internal/SecuritySupport$SafePath;)Ljava/io/InputStream;+6 jdk.jfr@21.0.6
j  jdk.jfr.internal.jfc.JFC$KnownConfiguration.readContent(Ljdk/jfr/internal/SecuritySupport$SafePath;)Ljava/lang/String;+22 jdk.jfr@21.0.6
j  jdk.jfr.internal.jfc.JFC$KnownConfiguration.<init>(Ljdk/jfr/internal/SecuritySupport$SafePath;)V+11 jdk.jfr@21.0.6
j  jdk.jfr.internal.jfc.JFC.getKnownConfigurations()Ljava/util/List;+48 jdk.jfr@21.0.6
j  jdk.jfr.internal.jfc.JFC.newReader(Ljdk/jfr/internal/SecuritySupport$SafePath;)Ljava/io/Reader;+0 jdk.jfr@21.0.6
j  jdk.jfr.internal.jfc.model.JFCModel.create(Ljdk/jfr/internal/SecuritySupport$SafePath;Ljava/util/function/Consumer;)Ljdk/jfr/internal/jfc/model/JFCModel;+46 jdk.jfr@21.0.6
j  jdk.jfr.internal.dcmd.DCmdStart.jfcOptions()Ljava/lang/String;+50 jdk.jfr@21.0.6
j  jdk.jfr.internal.dcmd.DCmdStart.printHelp()[Ljava/lang/String;+9 jdk.jfr@21.0.6
v  ~StubRoutines::call_stub 0x000001fcafff100d
j  com.sun.management.internal.DiagnosticCommandImpl.executeDiagnosticCommand(Ljava/lang/String;)Ljava/lang/String;+0 jdk.management@21.0.6
j  com.sun.management.internal.DiagnosticCommandImpl.commandDescriptor(Lcom/sun/management/internal/DiagnosticCommandImpl$Wrapper;)Ljavax/management/Descriptor;+153 jdk.management@21.0.6
j  com.sun.management.internal.DiagnosticCommandImpl.getMBeanInfo()Ljavax/management/MBeanInfo;+181 jdk.management@21.0.6
j  com.sun.jmx.interceptor.DefaultMBeanServerInterceptor.getNewMBeanClassName(Ljava/lang/Object;)Ljava/lang/String;+13 java.management@21.0.6
j  com.sun.jmx.interceptor.DefaultMBeanServerInterceptor.registerMBean(Ljava/lang/Object;Ljavax/management/ObjectName;)Ljavax/management/ObjectInstance;+10 java.management@21.0.6
j  com.sun.jmx.mbeanserver.JmxMBeanServer.registerMBean(Ljava/lang/Object;Ljavax/management/ObjectName;)Ljavax/management/ObjectInstance;+10 java.management@21.0.6
j  java.lang.management.ManagementFactory.lambda$addMXBean$7(Ljava/lang/Object;Ljavax/management/MBeanServer;Ljavax/management/ObjectName;)Ljava/lang/Void;+60 java.management@21.0.6
j  java.lang.management.ManagementFactory$$Lambda+0x000001fcb8056fd8.run()Ljava/lang/Object;+12 java.management@21.0.6
j  java.security.AccessController.executePrivileged(Ljava/security/PrivilegedExceptionAction;Ljava/security/AccessControlContext;Ljava/lang/Class;)Ljava/lang/Object;+29 java.base@21.0.6
j  java.security.AccessController.doPrivileged(Ljava/security/PrivilegedExceptionAction;)Ljava/lang/Object;+9 java.base@21.0.6
j  java.lang.management.ManagementFactory.addMXBean(Ljavax/management/MBeanServer;Ljava/lang/String;Ljava/lang/Object;)V+13 java.management@21.0.6
j  java.lang.management.ManagementFactory.lambda$getPlatformMBeanServer$1(Ljava/util/Map$Entry;)V+18 java.management@21.0.6
j  java.lang.management.ManagementFactory$$Lambda+0x000001fcb80565f0.accept(Ljava/lang/Object;)V+4 java.management@21.0.6
j  java.util.stream.ForEachOps$ForEachOp$OfRef.accept(Ljava/lang/Object;)V+5 java.base@21.0.6
j  java.util.Collections$2.tryAdvance(Ljava/util/function/Consumer;)Z+29 java.base@21.0.6
j  java.util.Collections$2.forEachRemaining(Ljava/util/function/Consumer;)V+2 java.base@21.0.6
j  java.util.stream.ReferencePipeline$Head.forEach(Ljava/util/function/Consumer;)V+12 java.base@21.0.6
j  java.util.stream.ReferencePipeline$7$1.accept(Ljava/lang/Object;)V+41 java.base@21.0.6
j  java.util.stream.ReferencePipeline$2$1.accept(Ljava/lang/Object;)V+21 java.base@21.0.6
j  java.util.HashMap$ValueSpliterator.forEachRemaining(Ljava/util/function/Consumer;)V+145 java.base@21.0.6
j  java.util.stream.AbstractPipeline.copyInto(Ljava/util/stream/Sink;Ljava/util/Spliterator;)V+32 java.base@21.0.6
j  java.util.stream.AbstractPipeline.wrapAndCopyInto(Ljava/util/stream/Sink;Ljava/util/Spliterator;)Ljava/util/stream/Sink;+13 java.base@21.0.6
j  java.util.stream.ForEachOps$ForEachOp.evaluateSequential(Ljava/util/stream/PipelineHelper;Ljava/util/Spliterator;)Ljava/lang/Void;+3 java.base@21.0.6
j  java.util.stream.ForEachOps$ForEachOp$OfRef.evaluateSequential(Ljava/util/stream/PipelineHelper;Ljava/util/Spliterator;)Ljava/lang/Object;+3 java.base@21.0.6
j  java.util.stream.AbstractPipeline.evaluate(Ljava/util/stream/TerminalOp;)Ljava/lang/Object;+88 java.base@21.0.6
j  java.util.stream.ReferencePipeline.forEach(Ljava/util/function/Consumer;)V+6 java.base@21.0.6
j  java.lang.management.ManagementFactory.getPlatformMBeanServer()Ljavax/management/MBeanServer;+68 java.management@21.0.6
j  sun.management.jmxremote.ConnectorBootstrap.startRemoteConnectorServer(Ljava/lang/String;Ljava/util/Properties;)Ljavax/management/remote/JMXConnectorServer;+579 jdk.management.agent@21.0.6
j  jdk.internal.agent.Agent.startAgent(Ljava/util/Properties;)V+48 jdk.management.agent@21.0.6
j  jdk.internal.agent.Agent.startAgent()V+20 jdk.management.agent@21.0.6
v  ~StubRoutines::call_stub 0x000001fcafff100d
new  187 new  [0x000001fcb0008b00, 0x000001fcb0008d08]  520 bytes
[MachCode]
  0x000001fcb0008b00: 4883 ec08 | c5fa 1104 | 24eb 1f48 | 83ec 10c5 | fb11 0424 | eb14 4883 | ec10 4889 | 0424 48c7 
  0x000001fcb0008b20: 4424 0800 | 0000 00eb | 0150 410f | b755 010f | cac1 ea10 | 488b 4de8 | 488b 4908 | 488b 4908 
  0x000001fcb0008b40: 488b 4108 | 807c 1004 | 070f 85d3 | 0000 0066 | 8b54 d148 | 488b 4928 | 488b 4cd1 | 0851 80b9 
  0x000001fcb0008b60: 2101 0000 | 040f 85b6 | 0000 008b | 5108 f6c2 | 010f 85aa | 0000 0049 | 8b87 b801 | 0000 488d 
  0x000001fcb0008b80: 1c10 493b | 9fc8 0100 | 000f 8792 | 0000 0049 | 899f b801 | 0000 4883 | ea10 0f84 | 0f00 0000 
  0x000001fcb0008ba0: 33c9 c1ea | 0348 894c | d008 48ff | ca75 f648 | c700 0100 | 0000 5933 | f689 700c | 49ba 0000 
  0x000001fcb0008bc0: 00b7 fc01 | 0000 492b | ca89 4808 | 49ba 365b | dea6 fd7f | 0000 4180 | 3a00 0f84 | 3c00 0000 
  0x000001fcb0008be0: 5048 8bc8 | 4883 ec20 | 40f6 c40f | 0f84 1900 | 0000 4883 | ec08 48b8 | 004c 88a6 | fd7f 0000 
  0x000001fcb0008c00: ffd0 4883 | c408 e90c | 0000 0048 | b800 4c88 | a6fd 7f00 | 00ff d048 | 83c4 2058 | e9cb 0000 
  0x000001fcb0008c20: 0059 488b | 55e8 488b | 5208 488b | 5208 450f | b745 0141 | 0fc8 41c1 | e810 e805 | 0000 00e9 
  0x000001fcb0008c40: a800 0000 | 488d 4424 | 084c 896d | c049 8bcf | c5f8 7749 | 89af a803 | 0000 4989 | 8798 0300 
  0x000001fcb0008c60: 0048 83ec | 2040 f6c4 | 0f0f 8419 | 0000 0048 | 83ec 0848 | b850 4752 | a6fd 7f00 | 00ff d048 
  0x000001fcb0008c80: 83c4 08e9 | 0c00 0000 | 48b8 5047 | 52a6 fd7f | 0000 ffd0 | 4883 c420 | 49c7 8798 | 0300 0000 
  0x000001fcb0008ca0: 0000 0049 | c787 a803 | 0000 0000 | 0000 49c7 | 87a0 0300 | 0000 0000 | 00c5 f877 | 4983 7f08 
  0x000001fcb0008cc0: 000f 8405 | 0000 00e9 | 3482 feff | 498b 87f0 | 0300 0049 | c787 f003 | 0000 0000 | 0000 4c8b 
  0x000001fcb0008ce0: 6dc0 4c8b | 75c8 4e8d | 74f5 00c3 | 410f b65d | 0349 83c5 | 0349 ba30 | 21e1 a6fd | 7f00 0041 
  0x000001fcb0008d00: ff24 da0f | 1f44 0000 
[/MachCode]

Compiled method (c1) 13116  822       1       java.security.AccessController::executePrivileged (65 bytes)
 total in heap  [0x000001fcb0231310,0x000001fcb0231648] = 824
 relocation     [0x000001fcb0231470,0x000001fcb02314b8] = 72
 main code      [0x000001fcb02314c0,0x000001fcb0231578] = 184
 stub code      [0x000001fcb0231578,0x000001fcb02315d0] = 88
 metadata       [0x000001fcb02315d0,0x000001fcb02315d8] = 8
 scopes data    [0x000001fcb02315d8,0x000001fcb0231600] = 40
 scopes pcs     [0x000001fcb0231600,0x000001fcb0231640] = 64
 dependencies   [0x000001fcb0231640,0x000001fcb0231648] = 8

[Constant Pool (empty)]

[MachCode]
[Verified Entry Point]
  # {method} {0x000001fcb746cdb0} 'executePrivileged' '(Ljava/security/PrivilegedExceptionAction;Ljava/security/AccessControlContext;Ljava/lang/Class;)Ljava/lang/Object;' in 'java/security/AccessController'
  # parm0:    rdx:rdx   = 'java/security/PrivilegedExceptionAction'
  # parm1:    r8:r8     = 'java/security/AccessControlContext'
  # parm2:    r9:r9     = 'java/lang/Class'
  #           [sp+0x50]  (sp of caller)
  0x000001fcb02314c0: 8984 2400 | 80ff ff55 | 4883 ec40 | 4181 7f20 | 0100 0000 

  0x000001fcb02314d4: ;   {runtime_call StubRoutines (final stubs)}
  0x000001fcb02314d4: 7405 e885 | 38df ff4c | 8944 2430 | 4c89 4c24 | 284d 85c0 | 0f84 1b00 | 0000 4889 | 5424 2049 
  0x000001fcb02314f4: ;   {static_call}
  0x000001fcb02314f4: 8bd0 90e8 

  0x000001fcb02314f8: ; ImmutableOopMap {[32]=Oop [40]=Oop [48]=Oop }
                      ;*invokestatic ensureMaterializedForStackWalk {reexecute=0 rethrow=0 return_oop=0}
                      ; - java.security.AccessController::executePrivileged@5 (line 805)
  0x000001fcb02314f8: 84db e0ff 

  0x000001fcb02314fc: ;   {other}
  0x000001fcb02314fc: 0f1f 8400 | ec01 0000 | 488b 5424 | 200f 1f40 | 0048 b8ff | ffff ffff 

  0x000001fcb0231514: ;   {virtual_call}
  0x000001fcb0231514: ffff ffe8 

  0x000001fcb0231518: ; ImmutableOopMap {[40]=Oop [48]=Oop }
                      ;*invokeinterface run {reexecute=0 rethrow=0 return_oop=0}
                      ; - java.security.AccessController::executePrivileged@29 (line 809)
  0x000001fcb0231518: 44a1 e0ff 

  0x000001fcb023151c: ;   {other}
  0x000001fcb023151c: 0f1f 8400 | 0c02 0001 | 4883 c440 

  0x000001fcb0231528: ;   {poll_return}
  0x000001fcb0231528: 5d49 3ba7 | 4804 0000 | 0f87 0100 

  0x000001fcb0231534: ;   {internal_word}
  0x000001fcb0231534: 0000 c349 | ba29 1523 | b0fc 0100 | 004d 8997 | 6004 0000 

  0x000001fcb0231548: ;   {runtime_call SafepointBlob}
  0x000001fcb0231548: e9b3 41e1 | ff49 8b87 | f804 0000 | 49c7 87f8 | 0400 0000 | 0000 0049 | c787 0005 | 0000 0000 
  0x000001fcb0231568: 0000 4883 

  0x000001fcb023156c: ;   {runtime_call unwind_exception Runtime1 stub}
  0x000001fcb023156c: c440 5de9 | 0cd8 ebff | f4f4 f4f4 
[Stub Code]
  0x000001fcb0231578: ;   {no_reloc}
  0x000001fcb0231578: 0f1f 4400 

  0x000001fcb023157c: ;   {static_stub}
  0x000001fcb023157c: 0048 bb00 | 0000 0000 

  0x000001fcb0231584: ;   {runtime_call nmethod}
  0x000001fcb0231584: 0000 00e9 | fbff ffff 

  0x000001fcb023158c: ;   {static_stub}
  0x000001fcb023158c: 48bb 0000 | 0000 0000 

  0x000001fcb0231594: ;   {runtime_call nmethod}
  0x000001fcb0231594: 0000 e9fb 

  0x000001fcb0231598: ;   {runtime_call handle_exception_from_callee Runtime1 stub}
  0x000001fcb0231598: ffff ffe8 | e004 ecff 

  0x000001fcb02315a0: ;   {external_word}
  0x000001fcb02315a0: 48b9 907f | b4a6 fd7f | 0000 4883 

  0x000001fcb02315ac: ;   {runtime_call}
  0x000001fcb02315ac: e4f0 48b8 | f042 77a6 | fd7f 0000 

  0x000001fcb02315b8: ;   {section_word}
  0x000001fcb02315b8: ffd0 f449 | babb 1523 | b0fc 0100 

  0x000001fcb02315c4: ;   {runtime_call DeoptimizationBlob}
  0x000001fcb02315c4: 0041 52e9 | d433 e1ff | f4f4 f4f4 
[/MachCode]


---------------  P R O C E S S  ---------------

Threads class SMR info:
_java_thread_list=0x000001fcb6566350, length=10, elements={
0x000001fcaa45be10, 0x000001fcb63dec20, 0x000001fcb63e5470, 0x000001fcb63e6f50,
0x000001fcb63ebdc0, 0x000001fcb63ec810, 0x000001fcb63ed260, 0x000001fcb63edcb0,
0x000001fcb648e5f0, 0x000001fcb6584ed0
}

Java Threads: ( => current thread )
=>0x000001fcaa45be10 JavaThread "main"                              [_thread_in_vm, id=17020, stack(0x0000005e98000000,0x0000005e98100000) (1024K)]
  0x000001fcb63dec20 JavaThread "Reference Handler"          daemon [_thread_blocked, id=16436, stack(0x0000005e98800000,0x0000005e98900000) (1024K)]
  0x000001fcb63e5470 JavaThread "Finalizer"                  daemon [_thread_blocked, id=21188, stack(0x0000005e98900000,0x0000005e98a00000) (1024K)]
  0x000001fcb63e6f50 JavaThread "Signal Dispatcher"          daemon [_thread_blocked, id=23660, stack(0x0000005e98a00000,0x0000005e98b00000) (1024K)]
  0x000001fcb63ebdc0 JavaThread "Attach Listener"            daemon [_thread_blocked, id=21332, stack(0x0000005e98b00000,0x0000005e98c00000) (1024K)]
  0x000001fcb63ec810 JavaThread "Service Thread"             daemon [_thread_blocked, id=12392, stack(0x0000005e98c00000,0x0000005e98d00000) (1024K)]
  0x000001fcb63ed260 JavaThread "Monitor Deflation Thread"   daemon [_thread_blocked, id=23828, stack(0x0000005e98d00000,0x0000005e98e00000) (1024K)]
  0x000001fcb63edcb0 JavaThread "C1 CompilerThread0"         daemon [_thread_blocked, id=22480, stack(0x0000005e98e00000,0x0000005e98f00000) (1024K)]
  0x000001fcb648e5f0 JavaThread "Common-Cleaner"             daemon [_thread_blocked, id=8888, stack(0x0000005e98f00000,0x0000005e99000000) (1024K)]
  0x000001fcb6584ed0 JavaThread "Notification Thread"        daemon [_thread_blocked, id=20696, stack(0x0000005e99000000,0x0000005e99100000) (1024K)]
Total: 10

Other Threads:
  0x000001fcb63c2ef0 VMThread "VM Thread"                           [id=6232, stack(0x0000005e98700000,0x0000005e98800000) (1024K)]
  0x000001fcac71e6d0 WatcherThread "VM Periodic Task Thread"        [id=14084, stack(0x0000005e98600000,0x0000005e98700000) (1024K)]
  0x000001fcac6b05c0 WorkerThread "GC Thread#0"                     [id=22776, stack(0x0000005e98100000,0x0000005e98200000) (1024K)]
  0x000001fcfc358f50 WorkerThread "GC Thread#1"                     [id=8684, stack(0x0000005e99100000,0x0000005e99200000) (1024K)]
  0x000001fcfc368d20 WorkerThread "GC Thread#2"                     [id=1808, stack(0x0000005e99200000,0x0000005e99300000) (1024K)]
  0x000001fcfc36d0d0 WorkerThread "GC Thread#3"                     [id=3136, stack(0x0000005e99300000,0x0000005e99400000) (1024K)]
  0x000001fcac6b8230 ConcurrentGCThread "G1 Main Marker"            [id=11080, stack(0x0000005e98200000,0x0000005e98300000) (1024K)]
  0x000001fcac6ba260 WorkerThread "G1 Conc#0"                       [id=19256, stack(0x0000005e98300000,0x0000005e98400000) (1024K)]
  0x000001fcac713500 ConcurrentGCThread "G1 Refine#0"               [id=18140, stack(0x0000005e98400000,0x0000005e98500000) (1024K)]
  0x000001fcac713f80 ConcurrentGCThread "G1 Service"                [id=13016, stack(0x0000005e98500000,0x0000005e98600000) (1024K)]
Total: 10

Threads with active compile tasks:
Total: 0

VM state: not at safepoint (normal execution)

VM Mutex/Monitor currently owned by a thread:  ([mutex/lock_event])
[0x00007ffda6dfc300] Metaspace_lock - owner thread: 0x000001fcaa45be10

Heap address: 0x00000000c9400000, size: 876 MB, Compressed Oops mode: 32-bit

CDS archive(s) mapped at: [0x000001fcb7000000-0x000001fcb7c80000-0x000001fcb7c80000), size 13107200, SharedBaseAddress: 0x000001fcb7000000, ArchiveRelocationMode: 1.
Compressed class space mapped at: 0x000001fcb8000000-0x000001fcf8000000, reserved size: 1073741824
Narrow klass base: 0x000001fcb7000000, Narrow klass shift: 0, Narrow klass range: 0x100000000

GC Precious Log:
 CardTable entry size: 512
 Card Set container configuration: InlinePtr #cards 5 size 8 Array Of Cards #cards 12 size 40 Howl #buckets 4 coarsen threshold 1843 Howl Bitmap #cards 512 size 80 coarsen threshold 460 Card regions per heap region 1 cards per card region 2048
 CPUs: 4 total, 4 available
 Memory: 3501M
 Large Page Support: Disabled
 NUMA Support: Disabled
 Compressed Oops: Enabled (32-bit)
 Heap Region Size: 1M
 Heap Min Capacity: 8M
 Heap Initial Capacity: 56M
 Heap Max Capacity: 876M
 Pre-touch: Disabled
 Parallel Workers: 4
 Concurrent Workers: 1
 Concurrent Refinement Workers: 4
 Periodic GC: Disabled

Heap:
 garbage-first heap   total 57344K, used 11243K [0x00000000c9400000, 0x0000000100000000)
  region size 1024K, 3 young (3072K), 2 survivors (2048K)
 Metaspace       used 2509K, committed 2688K, reserved 1114112K
  class space    used 287K, committed 384K, reserved 1048576K

Heap Regions: E=young(eden), S=young(survivor), O=old, HS=humongous(starts), HC=humongous(continues), CS=collection set, F=free, TAMS=top-at-mark-start, PB=parsable bottom
|   0|0x00000000c9400000, 0x00000000c9500000, 0x00000000c9500000|100%|HS|  |TAMS 0x00000000c9400000| PB 0x00000000c9400000| Complete 
|   1|0x00000000c9500000, 0x00000000c9600000, 0x00000000c9600000|100%|HS|  |TAMS 0x00000000c9500000| PB 0x00000000c9500000| Complete 
|   2|0x00000000c9600000, 0x00000000c9700000, 0x00000000c9700000|100%|HS|  |TAMS 0x00000000c9600000| PB 0x00000000c9600000| Complete 
|   3|0x00000000c9700000, 0x00000000c9800000, 0x00000000c9800000|100%|HS|  |TAMS 0x00000000c9700000| PB 0x00000000c9700000| Complete 
|   4|0x00000000c9800000, 0x00000000c9800000, 0x00000000c9900000|  0%| F|  |TAMS 0x00000000c9800000| PB 0x00000000c9800000| Untracked 
|   5|0x00000000c9900000, 0x00000000c9a00000, 0x00000000c9a00000|100%| O|  |TAMS 0x00000000c9900000| PB 0x00000000c9900000| Untracked 
|   6|0x00000000c9a00000, 0x00000000c9b00000, 0x00000000c9b00000|100%| O|  |TAMS 0x00000000c9a00000| PB 0x00000000c9a00000| Untracked 
|   7|0x00000000c9b00000, 0x00000000c9c00000, 0x00000000c9c00000|100%| O|  |TAMS 0x00000000c9b00000| PB 0x00000000c9b00000| Untracked 
|   8|0x00000000c9c00000, 0x00000000c9d00000, 0x00000000c9d00000|100%| O|  |TAMS 0x00000000c9c00000| PB 0x00000000c9c00000| Untracked 
|   9|0x00000000c9d00000, 0x00000000c9dfad20, 0x00000000c9e00000| 97%| O|  |TAMS 0x00000000c9d00000| PB 0x00000000c9d00000| Untracked 
|  10|0x00000000c9e00000, 0x00000000c9e00000, 0x00000000c9f00000|  0%| F|  |TAMS 0x00000000c9e00000| PB 0x00000000c9e00000| Untracked 
|  11|0x00000000c9f00000, 0x00000000c9f00000, 0x00000000ca000000|  0%| F|  |TAMS 0x00000000c9f00000| PB 0x00000000c9f00000| Untracked 
|  12|0x00000000ca000000, 0x00000000ca000000, 0x00000000ca100000|  0%| F|  |TAMS 0x00000000ca000000| PB 0x00000000ca000000| Untracked 
|  13|0x00000000ca100000, 0x00000000ca100000, 0x00000000ca200000|  0%| F|  |TAMS 0x00000000ca100000| PB 0x00000000ca100000| Untracked 
|  14|0x00000000ca200000, 0x00000000ca200000, 0x00000000ca300000|  0%| F|  |TAMS 0x00000000ca200000| PB 0x00000000ca200000| Untracked 
|  15|0x00000000ca300000, 0x00000000ca300000, 0x00000000ca400000|  0%| F|  |TAMS 0x00000000ca300000| PB 0x00000000ca300000| Untracked 
|  16|0x00000000ca400000, 0x00000000ca400000, 0x00000000ca500000|  0%| F|  |TAMS 0x00000000ca400000| PB 0x00000000ca400000| Untracked 
|  17|0x00000000ca500000, 0x00000000ca500000, 0x00000000ca600000|  0%| F|  |TAMS 0x00000000ca500000| PB 0x00000000ca500000| Untracked 
|  18|0x00000000ca600000, 0x00000000ca600000, 0x00000000ca700000|  0%| F|  |TAMS 0x00000000ca600000| PB 0x00000000ca600000| Untracked 
|  19|0x00000000ca700000, 0x00000000ca700000, 0x00000000ca800000|  0%| F|  |TAMS 0x00000000ca700000| PB 0x00000000ca700000| Untracked 
|  20|0x00000000ca800000, 0x00000000ca800000, 0x00000000ca900000|  0%| F|  |TAMS 0x00000000ca800000| PB 0x00000000ca800000| Untracked 
|  21|0x00000000ca900000, 0x00000000ca900000, 0x00000000caa00000|  0%| F|  |TAMS 0x00000000ca900000| PB 0x00000000ca900000| Untracked 
|  22|0x00000000caa00000, 0x00000000caa00000, 0x00000000cab00000|  0%| F|  |TAMS 0x00000000caa00000| PB 0x00000000caa00000| Untracked 
|  23|0x00000000cab00000, 0x00000000cab00000, 0x00000000cac00000|  0%| F|  |TAMS 0x00000000cab00000| PB 0x00000000cab00000| Untracked 
|  24|0x00000000cac00000, 0x00000000cac00000, 0x00000000cad00000|  0%| F|  |TAMS 0x00000000cac00000| PB 0x00000000cac00000| Untracked 
|  25|0x00000000cad00000, 0x00000000cad00000, 0x00000000cae00000|  0%| F|  |TAMS 0x00000000cad00000| PB 0x00000000cad00000| Untracked 
|  26|0x00000000cae00000, 0x00000000cae00000, 0x00000000caf00000|  0%| F|  |TAMS 0x00000000cae00000| PB 0x00000000cae00000| Untracked 
|  27|0x00000000caf00000, 0x00000000caf00000, 0x00000000cb000000|  0%| F|  |TAMS 0x00000000caf00000| PB 0x00000000caf00000| Untracked 
|  28|0x00000000cb000000, 0x00000000cb000000, 0x00000000cb100000|  0%| F|  |TAMS 0x00000000cb000000| PB 0x00000000cb000000| Untracked 
|  29|0x00000000cb100000, 0x00000000cb100000, 0x00000000cb200000|  0%| F|  |TAMS 0x00000000cb100000| PB 0x00000000cb100000| Untracked 
|  30|0x00000000cb200000, 0x00000000cb200000, 0x00000000cb300000|  0%| F|  |TAMS 0x00000000cb200000| PB 0x00000000cb200000| Untracked 
|  31|0x00000000cb300000, 0x00000000cb300000, 0x00000000cb400000|  0%| F|  |TAMS 0x00000000cb300000| PB 0x00000000cb300000| Untracked 
|  32|0x00000000cb400000, 0x00000000cb400000, 0x00000000cb500000|  0%| F|  |TAMS 0x00000000cb400000| PB 0x00000000cb400000| Untracked 
|  33|0x00000000cb500000, 0x00000000cb500000, 0x00000000cb600000|  0%| F|  |TAMS 0x00000000cb500000| PB 0x00000000cb500000| Untracked 
|  34|0x00000000cb600000, 0x00000000cb600000, 0x00000000cb700000|  0%| F|  |TAMS 0x00000000cb600000| PB 0x00000000cb600000| Untracked 
|  35|0x00000000cb700000, 0x00000000cb700000, 0x00000000cb800000|  0%| F|  |TAMS 0x00000000cb700000| PB 0x00000000cb700000| Untracked 
|  36|0x00000000cb800000, 0x00000000cb800000, 0x00000000cb900000|  0%| F|  |TAMS 0x00000000cb800000| PB 0x00000000cb800000| Untracked 
|  37|0x00000000cb900000, 0x00000000cb900000, 0x00000000cba00000|  0%| F|  |TAMS 0x00000000cb900000| PB 0x00000000cb900000| Untracked 
|  38|0x00000000cba00000, 0x00000000cba00000, 0x00000000cbb00000|  0%| F|  |TAMS 0x00000000cba00000| PB 0x00000000cba00000| Untracked 
|  39|0x00000000cbb00000, 0x00000000cbb00000, 0x00000000cbc00000|  0%| F|  |TAMS 0x00000000cbb00000| PB 0x00000000cbb00000| Untracked 
|  40|0x00000000cbc00000, 0x00000000cbc00000, 0x00000000cbd00000|  0%| F|  |TAMS 0x00000000cbc00000| PB 0x00000000cbc00000| Untracked 
|  41|0x00000000cbd00000, 0x00000000cbe00000, 0x00000000cbe00000|100%| S|CS|TAMS 0x00000000cbd00000| PB 0x00000000cbd00000| Complete 
|  42|0x00000000cbe00000, 0x00000000cbf00000, 0x00000000cbf00000|100%| S|CS|TAMS 0x00000000cbe00000| PB 0x00000000cbe00000| Complete 
|  43|0x00000000cbf00000, 0x00000000cbf00000, 0x00000000cc000000|  0%| F|  |TAMS 0x00000000cbf00000| PB 0x00000000cbf00000| Untracked 
|  44|0x00000000cc000000, 0x00000000cc000000, 0x00000000cc100000|  0%| F|  |TAMS 0x00000000cc000000| PB 0x00000000cc000000| Untracked 
|  45|0x00000000cc100000, 0x00000000cc100000, 0x00000000cc200000|  0%| F|  |TAMS 0x00000000cc100000| PB 0x00000000cc100000| Untracked 
|  46|0x00000000cc200000, 0x00000000cc200000, 0x00000000cc300000|  0%| F|  |TAMS 0x00000000cc200000| PB 0x00000000cc200000| Untracked 
|  47|0x00000000cc300000, 0x00000000cc300000, 0x00000000cc400000|  0%| F|  |TAMS 0x00000000cc300000| PB 0x00000000cc300000| Untracked 
|  48|0x00000000cc400000, 0x00000000cc400000, 0x00000000cc500000|  0%| F|  |TAMS 0x00000000cc400000| PB 0x00000000cc400000| Untracked 
|  49|0x00000000cc500000, 0x00000000cc500000, 0x00000000cc600000|  0%| F|  |TAMS 0x00000000cc500000| PB 0x00000000cc500000| Untracked 
|  50|0x00000000cc600000, 0x00000000cc600000, 0x00000000cc700000|  0%| F|  |TAMS 0x00000000cc600000| PB 0x00000000cc600000| Untracked 
|  51|0x00000000cc700000, 0x00000000cc700000, 0x00000000cc800000|  0%| F|  |TAMS 0x00000000cc700000| PB 0x00000000cc700000| Untracked 
|  52|0x00000000cc800000, 0x00000000cc800000, 0x00000000cc900000|  0%| F|  |TAMS 0x00000000cc800000| PB 0x00000000cc800000| Untracked 
|  53|0x00000000cc900000, 0x00000000cc900000, 0x00000000cca00000|  0%| F|  |TAMS 0x00000000cc900000| PB 0x00000000cc900000| Untracked 
|  54|0x00000000cca00000, 0x00000000cca00000, 0x00000000ccb00000|  0%| F|  |TAMS 0x00000000cca00000| PB 0x00000000cca00000| Untracked 
|  55|0x00000000ccb00000, 0x00000000ccb7ae58, 0x00000000ccc00000| 48%| E|  |TAMS 0x00000000ccb00000| PB 0x00000000ccb00000| Complete 

Card table byte_map: [0x000001fcb2ff0000,0x000001fcb31b0000] _byte_map_base: 0x000001fcb29a6000

Marking Bits: (CMBitMap*) 0x000001fcac6b0bd0
 Bits: [0x000001fcb31b0000, 0x000001fcb3f60000)

Polling page: 0x000001fcaa650000

Metaspace:

Usage:
  Non-class:      2.17 MB used.
      Class:    287.80 KB used.
       Both:      2.45 MB used.

Virtual space:
  Non-class space:       64.00 MB reserved,       2.25 MB (  4%) committed,  1 nodes.
      Class space:        1.00 GB reserved,     384.00 KB ( <1%) committed,  1 nodes.
             Both:        1.06 GB reserved,       2.62 MB ( <1%) committed. 

Chunk freelists:
   Non-Class:  11.93 MB
       Class:  15.59 MB
        Both:  27.52 MB

MaxMetaspaceSize: unlimited
CompressedClassSpaceSize: 1.00 GB
Initial GC threshold: 21.00 MB
Current GC threshold: 21.00 MB
CDS: on
 - commit_granule_bytes: 65536.
 - commit_granule_words: 8192.
 - virtual_space_node_default_size: 8388608.
 - enlarge_chunks_in_place: 1.
 - use_allocation_guard: 0.


Internal statistics:

num_allocs_failed_limit: 0.
num_arena_births: 74.
num_arena_deaths: 0.
num_vsnodes_births: 2.
num_vsnodes_deaths: 0.
num_space_committed: 42.
num_space_uncommitted: 0.
num_chunks_returned_to_freelist: 0.
num_chunks_taken_from_freelist: 76.
num_chunk_merges: 0.
num_chunk_splits: 55.
num_chunks_enlarged: 34.
num_inconsistent_stats: 0.

CodeCache: size=49152Kb used=2323Kb max_used=2323Kb free=46828Kb
 bounds [0x000001fcafff0000, 0x000001fcb0260000, 0x000001fcb2ff0000]
 total_blobs=1240 nmethods=823 adapters=342
 compilation: enabled
              stopped_count=0, restarted_count=0
 full_count=0

Compilation events (20 events):
Event: 12.252 Thread 0x000001fcb63edcb0  806       1       java.util.concurrent.locks.AbstractQueuedSynchronizer::setState (6 bytes)
Event: 12.252 Thread 0x000001fcb63edcb0 nmethod 806 0x000001fcb022c790 code [0x000001fcb022c920, 0x000001fcb022c9f0]
Event: 12.252 Thread 0x000001fcb63edcb0  807       1       java.util.concurrent.locks.AbstractOwnableSynchronizer::setExclusiveOwnerThread (6 bytes)
Event: 12.252 Thread 0x000001fcb63edcb0 nmethod 807 0x000001fcb022ca90 code [0x000001fcb022cc20, 0x000001fcb022cd30]
Event: 12.254 Thread 0x000001fcb63edcb0  808       1       java.lang.invoke.MethodType::rtype (5 bytes)
Event: 12.254 Thread 0x000001fcb63edcb0 nmethod 808 0x000001fcb022cd90 code [0x000001fcb022cf20, 0x000001fcb022cfe8]
Event: 12.364 Thread 0x000001fcb63edcb0  817       1       java.lang.invoke.MethodTypeForm::cachedLambdaForm (23 bytes)
Event: 12.365 Thread 0x000001fcb63edcb0 nmethod 817 0x000001fcb022fc10 code [0x000001fcb022fdc0, 0x000001fcb022ff80]
Event: 12.399 Thread 0x000001fcb63edcb0  818       1       jdk.internal.org.objectweb.asm.MethodWriter::visitInsn (115 bytes)
Event: 12.400 Thread 0x000001fcb63edcb0 nmethod 818 0x000001fcb0230090 code [0x000001fcb0230260, 0x000001fcb0230488]
Event: 12.407 Thread 0x000001fcb63edcb0  819       1       jdk.internal.org.objectweb.asm.AnnotationWriter::putAnnotations (67 bytes)
Event: 12.407 Thread 0x000001fcb63edcb0 nmethod 819 0x000001fcb0230610 code [0x000001fcb0230820, 0x000001fcb0230a70]
Event: 12.413 Thread 0x000001fcb63edcb0  820       1       java.lang.invoke.MethodHandleImpl::isCompileConstant (2 bytes)
Event: 12.413 Thread 0x000001fcb63edcb0 nmethod 820 0x000001fcb0230d10 code [0x000001fcb0230ea0, 0x000001fcb0230f48]
Event: 12.414 Thread 0x000001fcb63edcb0  821       1       jdk.internal.access.SharedSecrets::getJavaLangAccess (4 bytes)
Event: 12.414 Thread 0x000001fcb63edcb0 nmethod 821 0x000001fcb0231010 code [0x000001fcb02311a0, 0x000001fcb0231250]
Event: 12.441 Thread 0x000001fcb63edcb0  822       1       java.security.AccessController::executePrivileged (65 bytes)
Event: 12.441 Thread 0x000001fcb63edcb0 nmethod 822 0x000001fcb0231310 code [0x000001fcb02314c0, 0x000001fcb02315d0]
Event: 12.454 Thread 0x000001fcb63edcb0  823       1       java.lang.invoke.DirectMethodHandle::<init> (148 bytes)
Event: 12.456 Thread 0x000001fcb63edcb0 nmethod 823 0x000001fcb0231690 code [0x000001fcb02318a0, 0x000001fcb0231da8]

GC Heap History (2 events):
Event: 12.212 GC heap before
{Heap before GC invocations=0 (full 0):
 garbage-first heap   total 57344K, used 17408K [0x00000000c9400000, 0x0000000100000000)
  region size 1024K, 13 young (13312K), 0 survivors (0K)
 Metaspace       used 2226K, committed 2432K, reserved 1114112K
  class space    used 254K, committed 320K, reserved 1048576K
}
Event: 12.250 GC heap after
{Heap after GC invocations=1 (full 0):
 garbage-first heap   total 57344K, used 11243K [0x00000000c9400000, 0x0000000100000000)
  region size 1024K, 2 young (2048K), 2 survivors (2048K)
 Metaspace       used 2226K, committed 2432K, reserved 1114112K
  class space    used 254K, committed 320K, reserved 1048576K
}

Dll operation events (8 events):
Event: 0.335 Loaded shared library C:\Users\Lucky Parashar\3D Objects\Desktop\web java class\softwares\sts-4.30.0.RELEASE\plugins\org.eclipse.justj.openjdk.hotspot.jre.full.win32.x86_64_21.0.6.v20250130-0529\jre\bin\java.dll
Event: 1.167 Loaded shared library C:\Users\Lucky Parashar\3D Objects\Desktop\web java class\softwares\sts-4.30.0.RELEASE\plugins\org.eclipse.justj.openjdk.hotspot.jre.full.win32.x86_64_21.0.6.v20250130-0529\jre\bin\zip.dll
Event: 4.928 Loaded shared library C:\Users\Lucky Parashar\3D Objects\Desktop\web java class\softwares\sts-4.30.0.RELEASE\plugins\org.eclipse.justj.openjdk.hotspot.jre.full.win32.x86_64_21.0.6.v20250130-0529\jre\bin\jimage.dll
Event: 5.029 Loaded shared library C:\Users\Lucky Parashar\3D Objects\Desktop\web java class\softwares\sts-4.30.0.RELEASE\plugins\org.eclipse.justj.openjdk.hotspot.jre.full.win32.x86_64_21.0.6.v20250130-0529\jre\bin\net.dll
Event: 5.049 Loaded shared library C:\Users\Lucky Parashar\3D Objects\Desktop\web java class\softwares\sts-4.30.0.RELEASE\plugins\org.eclipse.justj.openjdk.hotspot.jre.full.win32.x86_64_21.0.6.v20250130-0529\jre\bin\nio.dll
Event: 5.064 Loaded shared library C:\Users\Lucky Parashar\3D Objects\Desktop\web java class\softwares\sts-4.30.0.RELEASE\plugins\org.eclipse.justj.openjdk.hotspot.jre.full.win32.x86_64_21.0.6.v20250130-0529\jre\bin\zip.dll
Event: 9.637 Loaded shared library C:\Users\Lucky Parashar\3D Objects\Desktop\web java class\softwares\sts-4.30.0.RELEASE\plugins\org.eclipse.justj.openjdk.hotspot.jre.full.win32.x86_64_21.0.6.v20250130-0529\jre\bin\management.dll
Event: 9.903 Loaded shared library C:\Users\Lucky Parashar\3D Objects\Desktop\web java class\softwares\sts-4.30.0.RELEASE\plugins\org.eclipse.justj.openjdk.hotspot.jre.full.win32.x86_64_21.0.6.v20250130-0529\jre\bin\management_ext.dll

Deoptimization events (0 events):
No events

Classes loaded (20 events):
Event: 12.528 Loading class java/nio/channels/GatheringByteChannel done
Event: 12.528 Loading class java/nio/channels/ScatteringByteChannel
Event: 12.528 Loading class java/nio/channels/ScatteringByteChannel done
Event: 12.528 Loading class java/nio/channels/spi/AbstractInterruptibleChannel
Event: 12.528 Loading class java/nio/channels/InterruptibleChannel
Event: 12.528 Loading class java/nio/channels/InterruptibleChannel done
Event: 12.528 Loading class java/nio/channels/spi/AbstractInterruptibleChannel done
Event: 12.528 Loading class java/nio/channels/FileChannel done
Event: 12.528 Loading class sun/nio/ch/FileChannelImpl done
Event: 12.529 Loading class sun/nio/ch/FileDispatcherImpl
Event: 12.529 Loading class sun/nio/ch/FileDispatcher
Event: 12.529 Loading class sun/nio/ch/NativeDispatcher
Event: 12.529 Loading class sun/nio/ch/NativeDispatcher done
Event: 12.529 Loading class sun/nio/ch/FileDispatcher done
Event: 12.529 Loading class sun/nio/ch/FileDispatcherImpl done
Event: 12.529 Loading class sun/nio/ch/IOUtil
Event: 12.530 Loading class sun/nio/ch/IOUtil done
Event: 12.594 Loading class sun/nio/ch/NativeThreadSet
Event: 12.594 Loading class sun/nio/ch/NativeThreadSet done
Event: 12.594 Loading class sun/nio/ch/FileChannelImpl$Closer

Classes unloaded (0 events):
No events

Classes redefined (0 events):
No events

Internal exceptions (5 events):
Event: 9.960 Thread 0x000001fcaa45be10 Exception <a 'java/lang/NoSuchMethodError'{0x00000000cc19b790}: 'int java.lang.invoke.DirectMethodHandle$Holder.invokeInterface(java.lang.Object, java.lang.Object)'> (0x00000000cc19b790) 
thrown [s\src\hotspot\share\interpreter\linkResolver.cpp, line 773]
Event: 9.965 Thread 0x000001fcaa45be10 Exception <a 'java/lang/IncompatibleClassChangeError'{0x00000000cc19eb98}: Found class java.lang.Object, but interface was expected> (0x00000000cc19eb98) 
thrown [s\src\hotspot\share\interpreter\linkResolver.cpp, line 840]
Event: 9.969 Thread 0x000001fcaa45be10 Exception <a 'java/lang/NoSuchMethodError'{0x00000000cc1a3f28}: 'void java.lang.invoke.DirectMethodHandle$Holder.invokeStatic(java.lang.Object, java.lang.Object)'> (0x00000000cc1a3f28) 
thrown [s\src\hotspot\share\interpreter\linkResolver.cpp, line 773]
Event: 11.792 Thread 0x000001fcaa45be10 Exception <a 'java/lang/NoSuchMethodError'{0x00000000cc074aa0}: 'int java.lang.invoke.DirectMethodHandle$Holder.invokeSpecial(java.lang.Object, java.lang.Object, java.lang.Object)'> (0x00000000cc074aa0) 
thrown [s\src\hotspot\share\interpreter\linkResolver.cpp, line 773]
Event: 12.392 Thread 0x000001fcaa45be10 Exception <a 'java/lang/NoSuchMethodError'{0x00000000ccb207b0}: 'java.lang.Object java.lang.invoke.DirectMethodHandle$Holder.invokeStaticInit(java.lang.Object, java.lang.Object, java.lang.Object)'> (0x00000000ccb207b0) 
thrown [s\src\hotspot\share\interpreter\linkResolver.cpp, line 773]

ZGC Phase Switch (0 events):
No events

VM Operations (20 events):
Event: 4.777 Executing VM operation: HandshakeAllThreads (Deoptimize)
Event: 4.778 Executing VM operation: HandshakeAllThreads (Deoptimize) done
Event: 5.790 Executing VM operation: Cleanup
Event: 5.790 Executing VM operation: Cleanup done
Event: 6.795 Executing VM operation: Cleanup
Event: 6.795 Executing VM operation: Cleanup done
Event: 7.804 Executing VM operation: Cleanup
Event: 7.805 Executing VM operation: Cleanup done
Event: 9.814 Executing VM operation: Cleanup
Event: 9.830 Executing VM operation: Cleanup done
Event: 10.007 Executing VM operation: HandshakeAllThreads (Deoptimize)
Event: 10.008 Executing VM operation: HandshakeAllThreads (Deoptimize) done
Event: 10.018 Executing VM operation: HandshakeAllThreads (Deoptimize)
Event: 10.018 Executing VM operation: HandshakeAllThreads (Deoptimize) done
Event: 11.026 Executing VM operation: Cleanup
Event: 11.036 Executing VM operation: Cleanup done
Event: 12.042 Executing VM operation: Cleanup
Event: 12.052 Executing VM operation: Cleanup done
Event: 12.212 Executing VM operation: G1CollectForAllocation (G1 Evacuation Pause)
Event: 12.250 Executing VM operation: G1CollectForAllocation (G1 Evacuation Pause) done

Memory protections (0 events):
No events

Nmethod flushes (0 events):
No events

Events (10 events):
Event: 0.534 Thread 0x000001fcaa45be10 Thread added: 0x000001fcaa45be10
Event: 1.179 Thread 0x000001fcaa45be10 Thread added: 0x000001fcb63dec20
Event: 1.184 Thread 0x000001fcaa45be10 Thread added: 0x000001fcb63e5470
Event: 1.190 Thread 0x000001fcaa45be10 Thread added: 0x000001fcb63e6f50
Event: 1.190 Thread 0x000001fcaa45be10 Thread added: 0x000001fcb63ebdc0
Event: 1.191 Thread 0x000001fcaa45be10 Thread added: 0x000001fcb63ec810
Event: 1.193 Thread 0x000001fcaa45be10 Thread added: 0x000001fcb63ed260
Event: 1.195 Thread 0x000001fcaa45be10 Thread added: 0x000001fcb63edcb0
Event: 4.312 Thread 0x000001fcaa45be10 Thread added: 0x000001fcb648e5f0
Event: 4.824 Thread 0x000001fcaa45be10 Thread added: 0x000001fcb6584ed0


Dynamic libraries:
0x00007ff668710000 - 0x00007ff66871e000 	C:\Users\Lucky Parashar\3D Objects\Desktop\web java class\softwares\sts-4.30.0.RELEASE\plugins\org.eclipse.justj.openjdk.hotspot.jre.full.win32.x86_64_21.0.6.v20250130-0529\jre\bin\javaw.exe
0x00007ffe1a000000 - 0x00007ffe1a267000 	C:\WINDOWS\SYSTEM32\ntdll.dll
0x00007ffe17d90000 - 0x00007ffe17e59000 	C:\WINDOWS\System32\KERNEL32.DLL
0x00007ffe178f0000 - 0x00007ffe17ce0000 	C:\WINDOWS\System32\KERNELBASE.dll
0x00007ffe17330000 - 0x00007ffe1747b000 	C:\WINDOWS\System32\ucrtbase.dll
0x00007ffdff6f0000 - 0x00007ffdff70e000 	C:\Users\Lucky Parashar\3D Objects\Desktop\web java class\softwares\sts-4.30.0.RELEASE\plugins\org.eclipse.justj.openjdk.hotspot.jre.full.win32.x86_64_21.0.6.v20250130-0529\jre\bin\VCRUNTIME140.dll
0x00007ffde0cb0000 - 0x00007ffde0cc8000 	C:\Users\Lucky Parashar\3D Objects\Desktop\web java class\softwares\sts-4.30.0.RELEASE\plugins\org.eclipse.justj.openjdk.hotspot.jre.full.win32.x86_64_21.0.6.v20250130-0529\jre\bin\jli.dll
0x00007ffe18a80000 - 0x00007ffe18c45000 	C:\WINDOWS\System32\USER32.dll
0x00007ffdfacd0000 - 0x00007ffdfaf6a000 	C:\WINDOWS\WinSxS\amd64_microsoft.windows.common-controls_6595b64144ccf1df_6.0.26100.4768_none_3e0c112ce331287c\COMCTL32.dll
0x00007ffe18220000 - 0x00007ffe182c9000 	C:\WINDOWS\System32\msvcrt.dll
0x00007ffe19b60000 - 0x00007ffe19b8b000 	C:\WINDOWS\System32\GDI32.dll
0x00007ffe17480000 - 0x00007ffe174a7000 	C:\WINDOWS\System32\win32u.dll
0x00007ffe171f0000 - 0x00007ffe17328000 	C:\WINDOWS\System32\gdi32full.dll
0x00007ffe17840000 - 0x00007ffe178e3000 	C:\WINDOWS\System32\msvcp_win.dll
0x00007ffe180c0000 - 0x00007ffe180ef000 	C:\WINDOWS\System32\IMM32.DLL
0x00007ffe11360000 - 0x00007ffe1136c000 	C:\Users\Lucky Parashar\3D Objects\Desktop\web java class\softwares\sts-4.30.0.RELEASE\plugins\org.eclipse.justj.openjdk.hotspot.jre.full.win32.x86_64_21.0.6.v20250130-0529\jre\bin\vcruntime140_1.dll
0x00007ffdc4ae0000 - 0x00007ffdc4b6d000 	C:\Users\Lucky Parashar\3D Objects\Desktop\web java class\softwares\sts-4.30.0.RELEASE\plugins\org.eclipse.justj.openjdk.hotspot.jre.full.win32.x86_64_21.0.6.v20250130-0529\jre\bin\msvcp140.dll
0x00007ffda6150000 - 0x00007ffda6ee0000 	C:\Users\Lucky Parashar\3D Objects\Desktop\web java class\softwares\sts-4.30.0.RELEASE\plugins\org.eclipse.justj.openjdk.hotspot.jre.full.win32.x86_64_21.0.6.v20250130-0529\jre\bin\server\jvm.dll
0x00007ffe18000000 - 0x00007ffe180b4000 	C:\WINDOWS\System32\ADVAPI32.dll
0x00007ffe18790000 - 0x00007ffe18836000 	C:\WINDOWS\System32\sechost.dll
0x00007ffe182d0000 - 0x00007ffe183e8000 	C:\WINDOWS\System32\RPCRT4.dll
0x00007ffe19d80000 - 0x00007ffe19df4000 	C:\WINDOWS\System32\WS2_32.dll
0x00007ffe0c3a0000 - 0x00007ffe0c3d5000 	C:\WINDOWS\SYSTEM32\WINMM.dll
0x00007ffe0d3e0000 - 0x00007ffe0d3eb000 	C:\WINDOWS\SYSTEM32\VERSION.dll
0x00007ffe16fb0000 - 0x00007ffe1700e000 	C:\WINDOWS\SYSTEM32\POWRPROF.dll
0x00007ffe16f90000 - 0x00007ffe16fa4000 	C:\WINDOWS\SYSTEM32\UMPDC.dll
0x00007ffe15eb0000 - 0x00007ffe15ecb000 	C:\WINDOWS\SYSTEM32\kernel.appcore.dll
0x00007ffde1f90000 - 0x00007ffde1f9a000 	C:\Users\Lucky Parashar\3D Objects\Desktop\web java class\softwares\sts-4.30.0.RELEASE\plugins\org.eclipse.justj.openjdk.hotspot.jre.full.win32.x86_64_21.0.6.v20250130-0529\jre\bin\jimage.dll
0x00007ffe14ac0000 - 0x00007ffe14d01000 	C:\WINDOWS\SYSTEM32\DBGHELP.DLL
0x00007ffe18400000 - 0x00007ffe18785000 	C:\WINDOWS\System32\combase.dll
0x00007ffe18100000 - 0x00007ffe181e0000 	C:\WINDOWS\System32\OLEAUT32.dll
0x00007ffdfa070000 - 0x00007ffdfa0b3000 	C:\WINDOWS\SYSTEM32\dbgcore.DLL
0x00007ffe17cf0000 - 0x00007ffe17d89000 	C:\WINDOWS\System32\bcryptPrimitives.dll
0x00007ffde0cd0000 - 0x00007ffde0cef000 	C:\Users\Lucky Parashar\3D Objects\Desktop\web java class\softwares\sts-4.30.0.RELEASE\plugins\org.eclipse.justj.openjdk.hotspot.jre.full.win32.x86_64_21.0.6.v20250130-0529\jre\bin\java.dll
0x00007ffe190e0000 - 0x00007ffe1982d000 	C:\WINDOWS\System32\SHELL32.dll
0x00007ffe17540000 - 0x00007ffe176b3000 	C:\WINDOWS\System32\wintypes.dll
0x00007ffe14d30000 - 0x00007ffe1558f000 	C:\WINDOWS\SYSTEM32\windows.storage.dll
0x00007ffe19850000 - 0x00007ffe19945000 	C:\WINDOWS\System32\SHCORE.dll
0x00007ffe19950000 - 0x00007ffe199ba000 	C:\WINDOWS\System32\shlwapi.dll
0x00007ffe17050000 - 0x00007ffe17079000 	C:\WINDOWS\SYSTEM32\profapi.dll
0x00007ffddf2d0000 - 0x00007ffddf2e8000 	C:\Users\Lucky Parashar\3D Objects\Desktop\web java class\softwares\sts-4.30.0.RELEASE\plugins\org.eclipse.justj.openjdk.hotspot.jre.full.win32.x86_64_21.0.6.v20250130-0529\jre\bin\zip.dll
0x00007ffde1da0000 - 0x00007ffde1db0000 	C:\Users\Lucky Parashar\3D Objects\Desktop\web java class\softwares\sts-4.30.0.RELEASE\plugins\org.eclipse.justj.openjdk.hotspot.jre.full.win32.x86_64_21.0.6.v20250130-0529\jre\bin\net.dll
0x00007ffe0e5d0000 - 0x00007ffe0e6ee000 	C:\WINDOWS\SYSTEM32\WINHTTP.dll
0x00007ffe16440000 - 0x00007ffe164ab000 	C:\WINDOWS\system32\mswsock.dll
0x00007ffdb0f00000 - 0x00007ffdb0f16000 	C:\Users\Lucky Parashar\3D Objects\Desktop\web java class\softwares\sts-4.30.0.RELEASE\plugins\org.eclipse.justj.openjdk.hotspot.jre.full.win32.x86_64_21.0.6.v20250130-0529\jre\bin\nio.dll
0x00007ffdff550000 - 0x00007ffdff55a000 	C:\Users\Lucky Parashar\3D Objects\Desktop\web java class\softwares\sts-4.30.0.RELEASE\plugins\org.eclipse.justj.openjdk.hotspot.jre.full.win32.x86_64_21.0.6.v20250130-0529\jre\bin\management.dll
0x00007ffdff540000 - 0x00007ffdff54b000 	C:\Users\Lucky Parashar\3D Objects\Desktop\web java class\softwares\sts-4.30.0.RELEASE\plugins\org.eclipse.justj.openjdk.hotspot.jre.full.win32.x86_64_21.0.6.v20250130-0529\jre\bin\management_ext.dll
0x00007ffe19a50000 - 0x00007ffe19a58000 	C:\WINDOWS\System32\PSAPI.DLL

dbghelp: loaded successfully - version: 4.0.5 - missing functions: none
symbol engine: initialized successfully - sym options: 0x614 - pdb path: .;C:\Users\Lucky Parashar\3D Objects\Desktop\web java class\softwares\sts-4.30.0.RELEASE\plugins\org.eclipse.justj.openjdk.hotspot.jre.full.win32.x86_64_21.0.6.v20250130-0529\jre\bin;C:\WINDOWS\SYSTEM32;C:\WINDOWS\WinSxS\amd64_microsoft.windows.common-controls_6595b64144ccf1df_6.0.26100.4768_none_3e0c112ce331287c;C:\Users\Lucky Parashar\3D Objects\Desktop\web java class\softwares\sts-4.30.0.RELEASE\plugins\org.eclipse.justj.openjdk.hotspot.jre.full.win32.x86_64_21.0.6.v20250130-0529\jre\bin\server

VM Arguments:
jvm_args: -Dcom.sun.management.jmxremote -Dcom.sun.management.jmxremote.port=49448 -Dcom.sun.management.jmxremote.authenticate=false -Dcom.sun.management.jmxremote.ssl=false -Djava.rmi.server.hostname=localhost -Dspring.jmx.enabled=true -Dmanagement.endpoints.jmx.exposure.include=* -Dspring.application.admin.enabled=true -Dspring.output.ansi.enabled=always -XX:TieredStopAtLevel=1 -Dspring.boot.project.name=EquipmentService -Dfile.encoding=UTF-8 -Dstdout.encoding=UTF-8 -Dstderr.encoding=UTF-8 -XX:+ShowCodeDetailsInExceptionMessages 
java_command: com.greengear.equipment.GreanGearEquipment
java_class_path (initial): C:\Users\Lucky Parashar\3D Objects\Desktop\green\EquipmentService\target\classes;C:\Users\Lucky Parashar\.m2\repository\org\springframework\boot\spring-boot-starter-actuator\3.5.0\spring-boot-starter-actuator-3.5.0.jar;C:\Users\Lucky Parashar\.m2\repository\org\springframework\boot\spring-boot-starter\3.5.0\spring-boot-starter-3.5.0.jar;C:\Users\Lucky Parashar\.m2\repository\org\springframework\boot\spring-boot-starter-logging\3.5.0\spring-boot-starter-logging-3.5.0.jar;C:\Users\Lucky Parashar\.m2\repository\ch\qos\logback\logback-classic\1.5.18\logback-classic-1.5.18.jar;C:\Users\Lucky Parashar\.m2\repository\ch\qos\logback\logback-core\1.5.18\logback-core-1.5.18.jar;C:\Users\Lucky Parashar\.m2\repository\org\apache\logging\log4j\log4j-to-slf4j\2.24.3\log4j-to-slf4j-2.24.3.jar;C:\Users\Lucky Parashar\.m2\repository\org\apache\logging\log4j\log4j-api\2.24.3\log4j-api-2.24.3.jar;C:\Users\Lucky Parashar\.m2\repository\org\slf4j\jul-to-slf4j\2.0.17\jul-to-slf4j-2.0.17.jar;C:\Users\Lucky Parashar\.m2\repository\jakarta\annotation\jakarta.annotation-api\2.1.1\jakarta.annotation-api-2.1.1.jar;C:\Users\Lucky Parashar\.m2\repository\org\yaml\snakeyaml\2.4\snakeyaml-2.4.jar;C:\Users\Lucky Parashar\.m2\repository\org\springframework\boot\spring-boot-actuator-autoconfigure\3.5.0\spring-boot-actuator-autoconfigure-3.5.0.jar;C:\Users\Lucky Parashar\.m2\repository\org\springframework\boot\spring-boot-actuator\3.5.0\spring-boot-actuator-3.5.0.jar;C:\Users\Lucky Parashar\.m2\repository\com\fasterxml\jackson\datatype\jackson-datatype-jsr310\2.19.0\jackson-datatype-jsr310-2.19.0.jar;C:\Users\Lucky Parashar\.m2\repository\io\micrometer\micrometer-observation\1.15.0\micrometer-observation-1.15.0.jar;C:\Users\Lucky Parashar\.m2\repository\io\micrometer\micrometer-commons\1.15.0\micrometer-commons-1.15.0.jar;C:\Users\Lucky Parashar\.m2\repository\io\micrometer\micrometer-jakarta9\1.15.0\micrometer-jakarta9-1.15.0.jar;C:\Users\Lucky Parashar\.m2\repository\io\micrometer\micrometer-core\1.15.0\micrometer-core-1.15.0.jar;C:\Users\Lucky Parashar\.m2\repository\org\hdrhistogram\HdrHistogram\2.2.2\HdrHistogram-2.2.2.jar;C:\Users\Lucky Parashar\.m2\repository\org\latencyutils\LatencyUtils\2.0.3\LatencyUtils-2.0.3.jar;C:\Users\Lucky Parashar\.m2\repository\org\springframework\boot\spring-boot-starter-data-jpa\3.5.0\spring-boot-starter-data-jpa-3.5.0.jar;C:\Users\Lucky Parashar\.m2\repository\org\springframework\boot\spring-boot-starter-jdbc\3.5.0\spring-boot-starter-jdbc-3.5.0.jar;C:\Users\Lucky Parashar\.m2\repository\com\zaxxer\HikariCP\6.3.0\HikariCP-6.3.0.jar;C:\Users\Lucky Parashar\.m2\repository\org\springframework\spring-jdbc\6.2.7\spring-jdbc-6.2.7.jar;C:\Users\Lucky Parashar\.m2\repository\org\hibernate\orm\hibernate-core\6.6.15.Final\hibernate-core-6.6.15.Final.jar;C:\Users\Lucky Parashar\.m2\repository\jakarta\persistence\jakarta.persistence-api\3.1.0\jakarta.persistence-api-3.1.0.jar;C:\Users\Lucky Parashar\.m2\repository\jakarta\transaction\jakarta.transaction-api\2.0.1\jakarta.transaction-api-2.0.1.jar;C:\Users\Lucky Parashar\.m2\repository\org\jboss\logging\jboss-logging\3.6.1.Final\jboss-logging-3.6.1.Final.jar;C:\Users\Lucky Parashar\.m2\repository\org\hibernate\common\hibernate-commons-annotations\7.0.3.Final\hibernate-commons-annotations-7.0.3.Final.jar;C:\Users\Lucky Parashar\.m2\repository\io\smallrye\jandex\3.2.0\jandex-3.2.0.jar;C:\Users\Lucky Parashar\.m2\repository\com\fasterxml\classmate\1.7.0\classmate-1.7.0.jar;C:\Users\Lucky Parashar\.m2\repository\net\bytebuddy\byte-buddy\1.17.5\byte-buddy-1.17.5.jar;C:\Users\Lucky Parashar\.m2\repository\org\glassfish\jaxb\jaxb-runtime\4.0.5\jaxb-runtime-4.0.5.jar;C:\Users\Lucky Parashar\.m2\repository\org\glassfish\jaxb\jaxb-core\4.0.5\jaxb-core-4.0.5.jar;C:\Users\Lucky Parashar\.m2\repository\org\glassfish\jaxb\txw2\4.0.5\txw2-4.0.5.jar;C:\Users\Lucky Parashar\.m2\repository\com\sun\istack\istack-commons-runtime\4.1.2\istack-commons-runtime-4.1.2.jar;C:\Users\Lucky Parashar\.m2\repository\jakarta\inject\jakarta.inject-api\2.0.1\jakarta.inject-api-2.0.1.jar;C:\Users\Lucky Parashar\.m2\repository\org\antlr\antlr4-runtime\4.13.0\antlr4-runtime-4.13.0.jar;C:\Users\Lucky Parashar\.m2\repository\org\springframework\data\spring-data-jpa\3.5.0\spring-data-jpa-3.5.0.jar;C:\Users\Lucky Parashar\.m2\repository\org\springframework\data\spring-data-commons\3.5.0\spring-data-commons-3.5.0.jar;C:\Users\Lucky Parashar\.m2\repository\org\springframework\spring-orm\6.2.7\spring-orm-6.2.7.jar;C:\Users\Lucky Parashar\.m2\repository\org\springframework\spring-context\6.2.7\spring-context-6.2.7.jar;C:\Users\Lucky Parashar\.m2\repository\org\springframework\spring-tx\6.2.7\spring-tx-6.2.7.jar;C:\Users\Lucky Parashar\.m2\repository\org\springframework\spring-beans\6.2.7\spring-beans-6.2.7.jar;C:\Users\Lucky Parashar\.m2\repository\org\slf4j\slf4j-api\2.0.17\slf4j-api-2.0.17.jar;C:\Users\Lucky Parashar\.m2\repository\org\springframework\spring-aspects\6.2.7\spring-aspects-6.2.7.jar;C:\Users\Lucky Parashar\.m2\repository\org\aspectj\aspectjweaver\1.9.24\aspectjweaver-1.9.24.jar;C:\Users\Lucky Parashar\.m2\repository\org\springframework\boot\spring-boot-starter-validation\3.5.0\spring-boot-starter-validation-3.5.0.jar;C:\Users\Lucky Parashar\.m2\repository\org\apache\tomcat\embed\tomcat-embed-el\10.1.41\tomcat-embed-el-10.1.41.jar;C:\Users\Lucky Parashar\.m2\repository\org\hibernate\validator\hibernate-validator\8.0.2.Final\hibernate-validator-8.0.2.Final.jar;C:\Users\Lucky Parashar\.m2\repository\jakarta\validation\jakarta.validation-api\3.0.2\jakarta.validation-api-3.0.2.jar;C:\Users\Lucky Parashar\.m2\repository\org\springframework\boot\spring-boot-starter-web\3.5.0\spring-boot-starter-web-3.5.0.jar;C:\Users\Lucky Parashar\.m2\repository\org\springframework\boot\spring-boot-starter-json\3.5.0\spring-boot-starter-json-3.5.0.jar;C:\Users\Lucky Parashar\.m2\repository\com\fasterxml\jackson\datatype\jackson-datatype-jdk8\2.19.0\jackson-datatype-jdk8-2.19.0.jar;C:\Users\Lucky Parashar\.m2\repository\com\fasterxml\jackson\module\jackson-module-parameter-names\2.19.0\jackson-module-parameter-names-2.19.0.jar;C:\Users\Lucky Parashar\.m2\repository\org\springframework\boot\spring-boot-starter-tomcat\3.5.0\spring-boot-starter-tomcat-3.5.0.jar;C:\Users\Lucky Parashar\.m2\repository\org\apache\tomcat\embed\tomcat-embed-core\10.1.41\tomcat-embed-core-10.1.41.jar;C:\Users\Lucky Parashar\.m2\repository\org\apache\tomcat\embed\tomcat-embed-websocket\10.1.41\tomcat-embed-websocket-10.1.41.jar;C:\Users\Lucky Parashar\.m2\repository\org\springframework\spring-web\6.2.7\spring-web-6.2.7.jar;C:\Users\Lucky Parashar\.m2\repository\org\springframework\spring-webmvc\6.2.7\spring-webmvc-6.2.7.jar;C:\Users\Lucky Parashar\.m2\repository\org\springframework\spring-expression\6.2.7\spring-expression-6.2.7.jar;C:\Users\Lucky Parashar\.m2\repository\org\springframework\boot\spring-boot-starter-web-services\3.5.0\spring-boot-starter-web-services-3.5.0.jar;C:\Users\Lucky Parashar\.m2\repository\com\sun\xml\messaging\saaj\saaj-impl\3.0.4\saaj-impl-3.0.4.jar;C:\Users\Lucky Parashar\.m2\repository\jakarta\xml\soap\jakarta.xml.soap-api\3.0.2\jakarta.xml.soap-api-3.0.2.jar;C:\Users\Lucky Parashar\.m2\repository\org\jvnet\staxex\stax-ex\2.1.0\stax-ex-2.1.0.jar;C:\Users\Lucky Parashar\.m2\repository\jakarta\activation\jakarta.activation-api\2.1.3\jakarta.activation-api-2.1.3.jar;C:\Users\Lucky Parashar\.m2\repository\org\eclipse\angus\angus-activation\2.0.2\angus-activation-2.0.2.jar;C:\Users\Lucky Parashar\.m2\repository\jakarta\xml\ws\jakarta.xml.ws-api\4.0.2\jakarta.xml.ws-api-4.0.2.jar;C:\Users\Lucky Parashar\.m2\repository\org\springframework\spring-oxm\6.2.7\spring-oxm-6.2.7.jar;C:\Users\Lucky Parashar\.m2\repository\org\springframework\ws\spring-ws-core\4.1.0\spring-ws-core-4.1.0.jar;C:\Users\Lucky Parashar\.m2\repository\org\springframework\ws\spring-xml\4.1.0\spring-xml-4.1.0.jar;C:\Users\Lucky Parashar\.m2\repository\org\springframework\boot\spring-boot-devtools\3.5.0\spring-boot-devtools-3.5.0.jar;C:\Users\Lucky Parashar\.m2\repository\org\springframework\boot\spring-boot\3.5.0\spring-boot-3.5.0.jar;C:\Users\Lucky Parashar\.m2\repository\org\springframework\boot\spring-boot-autoconfigure\3.5.0\spring-boot-autoconfigure-3.5.0.jar;C:\Users\Lucky Parashar\.m2\repository\com\mysql\mysql-connector-j\9.2.0\mysql-connector-j-9.2.0.jar;C:\Users\Lucky Parashar\.m2\repository\org\projectlombok\lombok\1.18.38\lombok-1.18.38.jar;C:\Users\Lucky Parashar\.m2\repository\jakarta\xml\bind\jakarta.xml.bind-api\4.0.2\jakarta.xml.bind-api-4.0.2.jar;C:\Users\Lucky Parashar\.m2\repository\org\springframework\spring-core\6.2.7\spring-core-6.2.7.jar;C:\Users\Lucky Parashar\.m2\repository\org\springframework\spring-jcl\6.2.7\spring-jcl-6.2.7.jar;C:\Users\Lucky Parashar\.m2\repository\org\modelmapper\modelmapper\3.2.3\modelmapper-3.2.3.jar;C:\Users\Lucky Parashar\.m2\repository\org\springdoc\springdoc-openapi-starter-webmvc-ui\2.8.6\springdoc-openapi-starter-webmvc-ui-2.8.6.jar;C:\Users\Lucky Parashar\.m2\repository\org\springdoc\springdoc-openapi-starter-webmvc-api\2.8.6\springdoc-openapi-starter-webmvc-api-2.8.6.jar;C:\Users\Lucky Parashar\.m2\repository\org\springdoc\springdoc-openapi-starter-common\2.8.6\springdoc-openapi-starter-common-2.8.6.jar;C:\Users\Lucky Parashar\.m2\repository\io\swagger\core\v3\swagger-core-jakarta\2.2.29\swagger-core-jakarta-2.2.29.jar;C:\Users\Lucky Parashar\.m2\repository\org\apache\commons\commons-lang3\3.17.0\commons-lang3-3.17.0.jar;C:\Users\Lucky Parashar\.m2\repository\io\swagger\core\v3\swagger-annotations-jakarta\2.2.29\swagger-annotations-jakarta-2.2.29.jar;C:\Users\Lucky Parashar\.m2\repository\io\swagger\core\v3\swagger-models-jakarta\2.2.29\swagger-models-jakarta-2.2.29.jar;C:\Users\Lucky Parashar\.m2\repository\com\fasterxml\jackson\dataformat\jackson-dataformat-yaml\2.19.0\jackson-dataformat-yaml-2.19.0.jar;C:\Users\Lucky Parashar\.m2\repository\org\webjars\swagger-ui\5.20.1\swagger-ui-5.20.1.jar;C:\Users\Lucky Parashar\.m2\repository\org\webjars\webjars-locator-lite\1.1.0\webjars-locator-lite-1.1.0.jar;C:\Users\Lucky Parashar\.m2\repository\org\jspecify\jspecify\1.0.0\jspecify-1.0.0.jar;C:\Users\Lucky Parashar\.m2\repository\org\springframework\cloud\spring-cloud-starter-netflix-eureka-client\4.3.0\spring-cloud-starter-netflix-eureka-client-4.3.0.jar;C:\Users\Lucky Parashar\.m2\repository\org\springframework\cloud\spring-cloud-starter\4.3.0\spring-cloud-starter-4.3.0.jar;C:\Users\Lucky Parashar\.m2\repository\org\springframework\cloud\spring-cloud-context\4.3.0\spring-cloud-context-4.3.0.jar;C:\Users\Lucky Parashar\.m2\repository\org\springframework\cloud\spring-cloud-commons\4.3.0\spring-cloud-commons-4.3.0.jar;C:\Users\Lucky Parashar\.m2\repository\org\bouncycastle\bcprov-jdk18on\1.80\bcprov-jdk18on-1.80.jar;C:\Users\Lucky Parashar\.m2\repository\org\springframework\cloud\spring-cloud-netflix-eureka-client\4.3.0\spring-cloud-netflix-eureka-client-4.3.0.jar;C:\Users\Lucky Parashar\.m2\repository\org\apache\httpcomponents\client5\httpclient5\5.4.4\httpclient5-5.4.4.jar;C:\Users\Lucky Parashar\.m2\repository\org\apache\httpcomponents\core5\httpcore5\5.3.4\httpcore5-5.3.4.jar;C:\Users\Lucky Parashar\.m2\repository\org\apache\httpcomponents\core5\httpcore5-h2\5.3.4\httpcore5-h2-5.3.4.jar;C:\Users\Lucky Parashar\.m2\repository\com\netflix\eureka\eureka-client\2.0.4\eureka-client-2.0.4.jar;C:\Users\Lucky Parashar\.m2\repository\com\thoughtworks\xstream\xstream\1.4.20\xstream-1.4.20.jar;C:\Users\Lucky Parashar\.m2\repository\io\github\x-stream\mxparser\1.2.2\mxparser-1.2.2.jar;C:\Users\Lucky Parashar\.m2\repository\xmlpull\xmlpull\1.1.3.1\xmlpull-1.1.3.1.jar;C:\Users\Lucky Parashar\.m2\repository\jakarta\ws\rs\jakarta.ws.rs-api\3.1.0\jakarta.ws.rs-api-3.1.0.jar;C:\Users\Lucky Parashar\.m2\repository\com\netflix\spectator\spectator-api\1.7.3\spectator-api-1.7.3.jar;C:\Users\Lucky Parashar\.m2\repository\org\apache\httpcomponents\httpclient\4.5.3\httpclient-4.5.3.jar;C:\Users\Lucky Parashar\.m2\repository\org\apache\httpcomponents\httpcore\4.4.16\httpcore-4.4.16.jar;C:\Users\Lucky Parashar\.m2\repository\commons-codec\commons-codec\1.18.0\commons-codec-1.18.0.jar;C:\Users\Lucky Parashar\.m2\repository\commons-configuration\commons-configuration\1.10\commons-configuration-1.10.jar;C:\Users\Lucky Parashar\.m2\repository\commons-lang\commons-lang\2.6\commons-lang-2.6.jar;C:\Users\Lucky Parashar\.m2\repository\com\fasterxml\jackson\core\jackson-annotations\2.19.0\jackson-annotations-2.19.0.jar;C:\Users\Lucky Parashar\.m2\repository\com\fasterxml\jackson\core\jackson-core\2.19.0\jackson-core-2.19.0.jar;C:\Users\Lucky Parashar\.m2\repository\com\netflix\netflix-commons\netflix-eventbus\0.3.0\netflix-eventbus-0.3.0.jar;C:\Users\Lucky Parashar\.m2\repository\com\netflix\netflix-commons\netflix-infix\0.3.0\netflix-infix-0.3.0.jar;C:\Users\Lucky Parashar\.m2\repository\commons-jxpath\commons-jxpath\1.3\commons-jxpath-1.3.jar;C:\Users\Lucky Parashar\.m2\repository\joda-time\joda-time\2.3\joda-time-2.3.jar;C:\Users\Lucky Parashar\.m2\repository\org\antlr\antlr-runtime\3.4\antlr-runtime-3.4.jar;C:\Users\Lucky Parashar\.m2\repository\org\antlr\stringtemplate\3.2.1\stringtemplate-3.2.1.jar;C:\Users\Lucky Parashar\.m2\repository\antlr\antlr\2.7.7\antlr-2.7.7.jar;C:\Users\Lucky Parashar\.m2\repository\com\google\guava\guava\14.0.1\guava-14.0.1.jar;C:\Users\Lucky Parashar\.m2\repository\com\google\code\gson\gson\2.13.1\gson-2.13.1.jar;C:\Users\Lucky Parashar\.m2\repository\com\google\errorprone\error_prone_annotations\2.38.0\error_prone_annotations-2.38.0.jar;C:\Users\Lucky Parashar\.m2\repository\com\netflix\servo\servo-core\0.5.3\servo-core-0.5.3.jar;C:\Users\Lucky Parashar\.m2\repository\org\apache\commons\commons-math\2.2\commons-math-2.2.jar;C:\Users\Lucky Parashar\.m2\repository\javax\annotation\javax.annotation-api\1.2\javax.annotation-api-1.2.jar;C:\Users\Lucky Parashar\.m2\repository\org\codehaus\jettison\jettison\1.5.4\jettison-1.5.4.jar;C:\Users\Lucky Parashar\.m2\repository\org\springframework\cloud\spring-cloud-starter-loadbalancer\4.3.0\spring-cloud-starter-loadbalancer-4.3.0.jar;C:\Users\Lucky Parashar\.m2\repository\org\springframework\cloud\spring-cloud-loadbalancer\4.3.0\spring-cloud-loadbalancer-4.3.0.jar;C:\Users\Lucky Parashar\.m2\repository\io\projectreactor\reactor-core\3.7.6\reactor-core-3.7.6.jar;C:\Users\Lucky Parashar\.m2\repository\org\reactivestreams\reactive-streams\1.0.4\reactive-streams-1.0.4.jar;C:\Users\Lucky Parashar\.m2\repository\io\projectreactor\addons\reactor-extra\3.5.2\reactor-extra-3.5.2.jar;C:\Users\Lucky Parashar\.m2\repository\org\springframework\boot\spring-boot-starter-cache\3.5.0\spring-boot-starter-cache-3.5.0.jar;C:\Users\Lucky Parashar\.m2\repository\org\springframework\spring-context-support\6.2.7\spring-context-support-6.2.7.jar;C:\Users\Lucky Parashar\.m2\repository\com\stoyanr\evictor\1.0.0\evictor-1.0.0.jar;C:\Users\Lucky Parashar\.m2\repository\org\springframework\boot\spring-boot-starter-security\3.5.0\spring-boot-starter-security-3.5.0.jar;C:\Users\Lucky Parashar\.m2\repository\org\springframework\spring-aop\6.2.7\spring-aop-6.2.7.jar;C:\Users\Lucky Parashar\.m2\repository\org\springframework\security\spring-security-config\6.5.0\spring-security-config-6.5.0.jar;C:\Users\Lucky Parashar\.m2\repository\org\springframework\security\spring-security-web\6.5.0\spring-security-web-6.5.0.jar;C:\Users\Lucky Parashar\.m2\repository\org\springframework\security\spring-security-core\6.5.0\spring-security-core-6.5.0.jar;C:\Users\Lucky Parashar\.m2\repository\org\springframework\security\spring-security-crypto\6.5.0\spring-security-crypto-6.5.0.jar;C:\Users\Lucky Parashar\.m2\repository\io\jsonwebtoken\jjwt-api\0.12.6\jjwt-api-0.12.6.jar;C:\Users\Lucky Parashar\.m2\repository\io\jsonwebtoken\jjwt-impl\0.12.6\jjwt-impl-0.12.6.jar;C:\Users\Lucky Parashar\.m2\repository\io\jsonwebtoken\jjwt-jackson\0.12.6\jjwt-jackson-0.12.6.jar;C:\Users\Lucky Parashar\.m2\repository\com\fasterxml\jackson\core\jackson-databind\2.19.0\jackson-databind-2.19.0.jar
Launcher Type: SUN_STANDARD

[Global flags]
     intx CICompilerCount                          = 3                                         {product} {ergonomic}
     uint ConcGCThreads                            = 1                                         {product} {ergonomic}
     uint G1ConcRefinementThreads                  = 4                                         {product} {ergonomic}
   size_t G1HeapRegionSize                         = 1048576                                   {product} {ergonomic}
    uintx GCDrainStackTargetSize                   = 64                                        {product} {ergonomic}
   size_t InitialHeapSize                          = 58720256                                  {product} {ergonomic}
     bool ManagementServer                         = true                                      {product} {command line}
   size_t MarkStackSize                            = 4194304                                   {product} {ergonomic}
   size_t MaxHeapSize                              = 918552576                                 {product} {ergonomic}
   size_t MaxNewSize                               = 550502400                                 {product} {ergonomic}
   size_t MinHeapDeltaBytes                        = 1048576                                   {product} {ergonomic}
   size_t MinHeapSize                              = 8388608                                   {product} {ergonomic}
    uintx NonNMethodCodeHeapSize                   = 4096                                   {pd product} {ergonomic}
    uintx NonProfiledCodeHeapSize                  = 0                                      {pd product} {ergonomic}
     bool ProfileInterpreter                       = false                                  {pd product} {command line}
    uintx ProfiledCodeHeapSize                     = 0                                      {pd product} {ergonomic}
     bool ShowCodeDetailsInExceptionMessages       = true                                   {manageable} {command line}
   size_t SoftMaxHeapSize                          = 918552576                              {manageable} {ergonomic}
     intx TieredStopAtLevel                        = 1                                         {product} {command line}
     bool UseCompressedOops                        = true                           {product lp64_product} {ergonomic}
     bool UseG1GC                                  = true                                      {product} {ergonomic}
     bool UseLargePagesIndividualAllocation        = false                                  {pd product} {ergonomic}

Logging:
Log output configuration:
 #0: stdout all=warning uptime,level,tags foldmultilines=false
 #1: stderr all=off uptime,level,tags foldmultilines=false

Environment Variables:
PATH=C:/Users/Lucky Parashar/3D Objects/Desktop/web java class/softwares/sts-4.30.0.RELEASE//plugins/org.eclipse.justj.openjdk.hotspot.jre.full.win32.x86_64_21.0.6.v20250130-0529/jre/bin/server;C:/Users/Lucky Parashar/3D Objects/Desktop/web java class/softwares/sts-4.30.0.RELEASE//plugins/org.eclipse.justj.openjdk.hotspot.jre.full.win32.x86_64_21.0.6.v20250130-0529/jre/bin;C:\Program Files\Java\jdk-11.0.16\bin;C:\Program Files\Java\jdk-21\bin;C:\Program Files\Common Files\Oracle\Java\javapath;C:\WINDOWS\system32;C:\WINDOWS;C:\WINDOWS\System32\Wbem;C:\WINDOWS\System32\WindowsPowerShell\v1.0\;C:\WINDOWS\System32\OpenSSH\;C:\Program Files\Git\cmd;C:\Program Files\nodejs\;C:\ProgramData\chocolatey\bin;C:\Users\Lucky Parashar\3D Objects\Desktop\s\stripe_1.28.0_windows_x86_64;C:\Program Files\Java\jdk-20\bin;C:\Program Files\HP\HP One Agent;C:\WINDOWS\system32;C:\WINDOWS;C:\WINDOWS\System32\Wbem;C:\WINDOWS\System32\WindowsPowerShell\v1.0\;C:\WINDOWS\System32\OpenSSH\;C:\Program Files\MongoDB\Server\8.0\bin;C:\Program Files\Microsoft SQL Server\150\Tools\Binn\;C:\Program Files\Microsoft SQL Server\Client SDK\ODBC\170\Tools\Binn\;C:\Program Files\dotnet\;C:\Program Files\Docker\Docker\resources\bin;C:\Users\Lucky Parashar\AppData\Local\Microsoft\WindowsApps;;C:\Users\Lucky Parashar\AppData\Local\Programs\Microsoft VS Code\bin;C:\Users\Lucky Parashar\AppData\Roaming\npm;C:\Program Files\mongosh\;C:\Users\Lucky Parashar\.dotnet\tools;C:\Users\Lucky Parashar\3D Objects\Desktop\web java class\softwares\sts-4.30.0.RELEASE;
USERNAME=Lucky Parashar
OS=Windows_NT
PROCESSOR_IDENTIFIER=AMD64 Family 23 Model 24 Stepping 1, AuthenticAMD
TMP=C:\Users\LUCKYP~1\AppData\Local\Temp
TEMP=C:\Users\LUCKYP~1\AppData\Local\Temp




Periodic native trim disabled

---------------  S Y S T E M  ---------------

OS:
 Windows 11 , 64 bit Build 26100 (10.0.26100.4768)
OS uptime: 3 days 23:30 hours
Hyper-V role detected

CPU: total 4 (initial active 4) (4 cores per cpu, 2 threads per core) family 23 model 24 stepping 1 microcode 0x8108109, cx8, cmov, fxsr, ht, mmx, 3dnowpref, sse, sse2, sse3, ssse3, sse4a, sse4.1, sse4.2, popcnt, lzcnt, tsc, tscinvbit, avx, avx2, aes, clmul, bmi1, bmi2, adx, sha, fma, vzeroupper, clflush, clflushopt, hv, rdtscp, f16c
Processor Information for the first 4 processors :
  Max Mhz: 2600, Current Mhz: 2600, Mhz Limit: 2600

Memory: 4k page, system-wide physical 3501M (272M free)
TotalPageFile size 14253M (AvailPageFile size 0M)
current process WorkingSet (physical memory assigned to process): 54M, peak: 55M
current process commit charge ("private bytes"): 130M, peak: 130M

vm_info: OpenJDK 64-Bit Server VM (21.0.6+7-LTS) for windows-amd64 JRE (21.0.6+7-LTS), built on 2025-01-21T00:00:00Z by "admin" with MS VC++ 17.7 (VS2022)

END.
