#
# There is insufficient memory for the Java Runtime Environment to continue.
# Native memory allocation (mmap) failed to map 8388608 bytes. Error detail: G1 virtual space
# Possible reasons:
#   The system is out of physical RAM or swap space
#   This process is running with CompressedOops enabled, and the Java Heap may be blocking the growth of the native heap
# Possible solutions:
#   Reduce memory load on the system
#   Increase physical memory or swap space
#   Check if swap backing store is full
#   Decrease Java heap size (-Xmx/-Xms)
#   Decrease number of Java threads
#   Decrease Java thread stack sizes (-Xss)
#   Set larger code cache with -XX:ReservedCodeCacheSize=
#   JVM is running with Unscaled Compressed Oops mode in which the Java heap is
#     placed in the first 4GB address space. The Java Heap base address is the
#     maximum limit for the native heap growth. Please use -XX:HeapBaseMinAddress
#     to set the Java Heap base and to place the Java Heap above 4GB virtual address.
# This output file may be truncated or incomplete.
#
#  Out of Memory Error (os_windows.cpp:3686), pid=3912, tid=16816
#
# JRE version: OpenJDK Runtime Environment Temurin-21.0.6+7 (21.0.6+7) (build 21.0.6+7-LTS)
# Java VM: OpenJDK 64-Bit Server VM Temurin-21.0.6+7 (21.0.6+7-LTS, mixed mode, emulated-client, sharing, tiered, compressed oops, compressed class ptrs, g1 gc, windows-amd64)
# No core dump will be written. Minidumps are not enabled by default on client versions of Windows
#

---------------  S U M M A R Y ------------

Command Line: -Dcom.sun.management.jmxremote -Dcom.sun.management.jmxremote.port=59249 -Dcom.sun.management.jmxremote.authenticate=false -Dcom.sun.management.jmxremote.ssl=false -Djava.rmi.server.hostname=localhost -Dspring.jmx.enabled=true -Dmanagement.endpoints.jmx.exposure.include=* -Dspring.application.admin.enabled=true -Dspring.output.ansi.enabled=always -XX:TieredStopAtLevel=1 -Dspring.boot.project.name=EquipmentService -Dfile.encoding=UTF-8 -Dstdout.encoding=UTF-8 -Dstderr.encoding=UTF-8 -XX:+ShowCodeDetailsInExceptionMessages com.greengear.equipment.GreanGearEquipment

Host: AMD Ryzen 3 3200U with Radeon Vega Mobile Gfx  , 4 cores, 3G,  Windows 11 , 64 bit Build 26100 (10.0.26100.4768)
Time: Fri Aug  8 00:26:06 2025 India Standard Time elapsed time: 47.682683 seconds (0d 0h 0m 47s)

---------------  T H R E A D  ---------------

Current thread (0x0000022253862720):  VMThread "VM Thread"          [id=16816, stack(0x0000008e70300000,0x0000008e70400000) (1024K)]

Stack: [0x0000008e70300000,0x0000008e70400000]
Native frames: (J=compiled Java code, j=interpreted, Vv=VM code, C=native code)
V  [jvm.dll+0x6cdee9]
V  [jvm.dll+0x8a83d1]
V  [jvm.dll+0x8aa8fe]
V  [jvm.dll+0x8aafe3]
V  [jvm.dll+0x27f706]
V  [jvm.dll+0x6ca755]
V  [jvm.dll+0x6bea3a]
V  [jvm.dll+0x355d6a]
V  [jvm.dll+0x35d936]
V  [jvm.dll+0x3af58e]
V  [jvm.dll+0x3af838]
V  [jvm.dll+0x329efc]
V  [jvm.dll+0x32c756]
V  [jvm.dll+0x336948]
V  [jvm.dll+0x36be6f]
V  [jvm.dll+0x8b0cff]
V  [jvm.dll+0x8b2084]
V  [jvm.dll+0x8b25c0]
V  [jvm.dll+0x8b2863]
V  [jvm.dll+0x851f8b]
V  [jvm.dll+0x6cc5ed]
C  [ucrtbase.dll+0x37b0]
C  [KERNEL32.DLL+0x2e8d7]
C  [ntdll.dll+0x3c34c]

VM_Operation (0x0000008e6feff3b0): G1PauseRemark, mode: safepoint, requested by thread 0x0000022249bf6620


---------------  P R O C E S S  ---------------

Threads class SMR info:
_java_thread_list=0x000002225b1cd7d0, length=25, elements={
0x0000022249bb4b80, 0x0000022253879fc0, 0x000002225387e230, 0x00000222538809e0,
0x0000022253884450, 0x0000022253884ea0, 0x00000222538858f0, 0x0000022253886340,
0x000002225392d450, 0x0000022253a27f40, 0x000002225846edb0, 0x00000222584ca2d0,
0x00000222584edff0, 0x000002225851e6c0, 0x0000022258505950, 0x0000022258505fb0,
0x000002225854fdf0, 0x00000222585e2510, 0x00000222585e3230, 0x00000222585e38c0,
0x00000222585e17f0, 0x00000222585e2ba0, 0x00000222585e3f50, 0x00000222585e45e0,
0x00000222585e1e80
}

Java Threads: ( => current thread )
  0x0000022249bb4b80 JavaThread "main"                              [_thread_blocked, id=16380, stack(0x0000008e6fc00000,0x0000008e6fd00000) (1024K)]
  0x0000022253879fc0 JavaThread "Reference Handler"          daemon [_thread_blocked, id=516, stack(0x0000008e70400000,0x0000008e70500000) (1024K)]
  0x000002225387e230 JavaThread "Finalizer"                  daemon [_thread_blocked, id=13664, stack(0x0000008e70500000,0x0000008e70600000) (1024K)]
  0x00000222538809e0 JavaThread "Signal Dispatcher"          daemon [_thread_blocked, id=19260, stack(0x0000008e70600000,0x0000008e70700000) (1024K)]
  0x0000022253884450 JavaThread "Attach Listener"            daemon [_thread_blocked, id=11476, stack(0x0000008e70700000,0x0000008e70800000) (1024K)]
  0x0000022253884ea0 JavaThread "Service Thread"             daemon [_thread_blocked, id=20248, stack(0x0000008e70800000,0x0000008e70900000) (1024K)]
  0x00000222538858f0 JavaThread "Monitor Deflation Thread"   daemon [_thread_blocked, id=14672, stack(0x0000008e70900000,0x0000008e70a00000) (1024K)]
  0x0000022253886340 JavaThread "C1 CompilerThread0"         daemon [_thread_blocked, id=10904, stack(0x0000008e70a00000,0x0000008e70b00000) (1024K)]
  0x000002225392d450 JavaThread "Common-Cleaner"             daemon [_thread_blocked, id=11620, stack(0x0000008e70b00000,0x0000008e70c00000) (1024K)]
  0x0000022253a27f40 JavaThread "Notification Thread"        daemon [_thread_blocked, id=2724, stack(0x0000008e70e00000,0x0000008e70f00000) (1024K)]
  0x000002225846edb0 JavaThread "RMI TCP Accept-0"           daemon [_thread_in_native, id=2504, stack(0x0000008e71200000,0x0000008e71300000) (1024K)]
  0x00000222584ca2d0 JavaThread "RMI TCP Accept-59249"       daemon [_thread_in_native, id=19976, stack(0x0000008e71300000,0x0000008e71400000) (1024K)]
  0x00000222584edff0 JavaThread "RMI TCP Accept-0"           daemon [_thread_in_native, id=16440, stack(0x0000008e71400000,0x0000008e71500000) (1024K)]
  0x000002225851e6c0 JavaThread "RMI TCP Connection(idle)"   daemon [_thread_blocked, id=17924, stack(0x0000008e71500000,0x0000008e71600000) (1024K)]
  0x0000022258505950 JavaThread "RMI Scheduler(0)"           daemon [_thread_blocked, id=7108, stack(0x0000008e71600000,0x0000008e71700000) (1024K)]
  0x0000022258505fb0 JavaThread "RMI TCP Connection(2)-127.0.0.1" daemon [_thread_blocked, id=8480, stack(0x0000008e71700000,0x0000008e71800000) (1024K)]
  0x000002225854fdf0 JavaThread "JMX server connection timeout 30" daemon [_thread_blocked, id=4404, stack(0x0000008e71800000,0x0000008e71900000) (1024K)]
  0x00000222585e2510 JavaThread "Thread-0"                          [_thread_blocked, id=15004, stack(0x0000008e71900000,0x0000008e71a00000) (1024K)]
  0x00000222585e3230 JavaThread "restartedMain"                     [_thread_blocked, id=17452, stack(0x0000008e71a00000,0x0000008e71b00000) (1024K)]
  0x00000222585e38c0 JavaThread "Catalina-utility-1"                [_thread_blocked, id=20444, stack(0x0000008e71b00000,0x0000008e71c00000) (1024K)]
  0x00000222585e17f0 JavaThread "Catalina-utility-2"                [_thread_blocked, id=13300, stack(0x0000008e71c00000,0x0000008e71d00000) (1024K)]
  0x00000222585e2ba0 JavaThread "container-0"                       [_thread_blocked, id=4960, stack(0x0000008e71d00000,0x0000008e71e00000) (1024K)]
  0x00000222585e3f50 JavaThread "mysql-cj-abandoned-connection-cleanup" daemon [_thread_blocked, id=11928, stack(0x0000008e71e00000,0x0000008e71f00000) (1024K)]
  0x00000222585e45e0 JavaThread "HikariPool-1:housekeeper"   daemon [_thread_blocked, id=11560, stack(0x0000008e72000000,0x0000008e72100000) (1024K)]
  0x00000222585e1e80 JavaThread "spring.cloud.inetutils"     daemon [_thread_in_native, id=8744, stack(0x0000008e72100000,0x0000008e72200000) (1024K)]
Total: 25

Other Threads:
=>0x0000022253862720 VMThread "VM Thread"                           [id=16816, stack(0x0000008e70300000,0x0000008e70400000) (1024K)]
  0x0000022253850a30 WatcherThread "VM Periodic Task Thread"        [id=14516, stack(0x0000008e70200000,0x0000008e70300000) (1024K)]
  0x0000022249bee9b0 WorkerThread "GC Thread#0"                     [id=12856, stack(0x0000008e6fd00000,0x0000008e6fe00000) (1024K)]
  0x00000222583e20c0 WorkerThread "GC Thread#1"                     [id=9384, stack(0x0000008e70f00000,0x0000008e71000000) (1024K)]
  0x00000222583f17f0 WorkerThread "GC Thread#2"                     [id=7408, stack(0x0000008e71000000,0x0000008e71100000) (1024K)]
  0x00000222583f1b90 WorkerThread "GC Thread#3"                     [id=16896, stack(0x0000008e71100000,0x0000008e71200000) (1024K)]
  0x0000022249bf6620 ConcurrentGCThread "G1 Main Marker"            [id=19372, stack(0x0000008e6fe00000,0x0000008e6ff00000) (1024K)]
  0x0000022249bf7030 WorkerThread "G1 Conc#0"                       [id=5376, stack(0x0000008e6ff00000,0x0000008e70000000) (1024K)]
  0x0000022249c4e0c0 ConcurrentGCThread "G1 Refine#0"               [id=16744, stack(0x0000008e70000000,0x0000008e70100000) (1024K)]
  0x0000022249c4eb40 ConcurrentGCThread "G1 Service"                [id=10748, stack(0x0000008e70100000,0x0000008e70200000) (1024K)]
Total: 10

Threads with active compile tasks:
Total: 0

VM state: at safepoint (normal execution)

VM Mutex/Monitor currently owned by a thread:  ([mutex/lock_event])
[0x00007ffc662ce380] Threads_lock - owner thread: 0x0000022253862720
[0x00007ffc662ce480] Heap_lock - owner thread: 0x0000022249bf6620

Heap address: 0x00000000c9400000, size: 876 MB, Compressed Oops mode: 32-bit

CDS archive(s) mapped at: [0x0000022200000000-0x0000022200c80000-0x0000022200c80000), size 13107200, SharedBaseAddress: 0x0000022200000000, ArchiveRelocationMode: 1.
Compressed class space mapped at: 0x0000022201000000-0x0000022241000000, reserved size: 1073741824
Narrow klass base: 0x0000022200000000, Narrow klass shift: 0, Narrow klass range: 0x100000000

GC Precious Log:
 CardTable entry size: 512
 Card Set container configuration: InlinePtr #cards 5 size 8 Array Of Cards #cards 12 size 40 Howl #buckets 4 coarsen threshold 1843 Howl Bitmap #cards 512 size 80 coarsen threshold 460 Card regions per heap region 1 cards per card region 2048
 CPUs: 4 total, 4 available
 Memory: 3501M
 Large Page Support: Disabled
 NUMA Support: Disabled
 Compressed Oops: Enabled (32-bit)
 Heap Region Size: 1M
 Heap Min Capacity: 8M
 Heap Initial Capacity: 56M
 Heap Max Capacity: 876M
 Pre-touch: Disabled
 Parallel Workers: 4
 Concurrent Workers: 1
 Concurrent Refinement Workers: 4
 Periodic GC: Disabled

Heap:
 garbage-first heap   total 91136K, used 60748K [0x00000000c9400000, 0x0000000100000000)
  region size 1024K, 7 young (7168K), 4 survivors (4096K)
 Metaspace       used 86256K, committed 87104K, reserved 1179648K
  class space    used 12569K, committed 12928K, reserved 1048576K

Heap Regions: E=young(eden), S=young(survivor), O=old, HS=humongous(starts), HC=humongous(continues), CS=collection set, F=free, TAMS=top-at-mark-start, PB=parsable bottom
|   0|0x00000000c9400000, 0x00000000c9500000, 0x00000000c9500000|100%|HS|  |TAMS 0x00000000c9500000| PB 0x00000000c9400000| Complete 
|   1|0x00000000c9500000, 0x00000000c9600000, 0x00000000c9600000|100%|HS|  |TAMS 0x00000000c9600000| PB 0x00000000c9500000| Complete 
|   2|0x00000000c9600000, 0x00000000c9700000, 0x00000000c9700000|100%|HS|  |TAMS 0x00000000c9700000| PB 0x00000000c9600000| Complete 
|   3|0x00000000c9700000, 0x00000000c9800000, 0x00000000c9800000|100%|HS|  |TAMS 0x00000000c9800000| PB 0x00000000c9700000| Complete 
|   4|0x00000000c9800000, 0x00000000c9900000, 0x00000000c9900000|100%| O|  |TAMS 0x00000000c9900000| PB 0x00000000c9900000| Untracked 
|   5|0x00000000c9900000, 0x00000000c9a00000, 0x00000000c9a00000|100%| O|  |TAMS 0x00000000c9a00000| PB 0x00000000c9a00000| Untracked 
|   6|0x00000000c9a00000, 0x00000000c9b00000, 0x00000000c9b00000|100%| O|  |TAMS 0x00000000c9b00000| PB 0x00000000c9b00000| Untracked 
|   7|0x00000000c9b00000, 0x00000000c9c00000, 0x00000000c9c00000|100%| O|  |TAMS 0x00000000c9c00000| PB 0x00000000c9c00000| Untracked 
|   8|0x00000000c9c00000, 0x00000000c9d00000, 0x00000000c9d00000|100%| O|  |TAMS 0x00000000c9d00000| PB 0x00000000c9d00000| Untracked 
|   9|0x00000000c9d00000, 0x00000000c9e00000, 0x00000000c9e00000|100%| O|  |TAMS 0x00000000c9e00000| PB 0x00000000c9e00000| Untracked 
|  10|0x00000000c9e00000, 0x00000000c9f00000, 0x00000000c9f00000|100%| O|  |TAMS 0x00000000c9f00000| PB 0x00000000c9f00000| Untracked 
|  11|0x00000000c9f00000, 0x00000000ca000000, 0x00000000ca000000|100%| O|  |TAMS 0x00000000ca000000| PB 0x00000000ca000000| Untracked 
|  12|0x00000000ca000000, 0x00000000ca100000, 0x00000000ca100000|100%| O|  |TAMS 0x00000000ca100000| PB 0x00000000ca100000| Updating 
|  13|0x00000000ca100000, 0x00000000ca200000, 0x00000000ca200000|100%| O|  |TAMS 0x00000000ca200000| PB 0x00000000ca200000| Untracked 
|  14|0x00000000ca200000, 0x00000000ca300000, 0x00000000ca300000|100%| O|  |TAMS 0x00000000ca300000| PB 0x00000000ca300000| Updating 
|  15|0x00000000ca300000, 0x00000000ca400000, 0x00000000ca400000|100%| O|  |TAMS 0x00000000ca400000| PB 0x00000000ca400000| Untracked 
|  16|0x00000000ca400000, 0x00000000ca500000, 0x00000000ca500000|100%| O|  |TAMS 0x00000000ca500000| PB 0x00000000ca500000| Updating 
|  17|0x00000000ca500000, 0x00000000ca600000, 0x00000000ca600000|100%| O|  |TAMS 0x00000000ca600000| PB 0x00000000ca600000| Updating 
|  18|0x00000000ca600000, 0x00000000ca700000, 0x00000000ca700000|100%| O|  |TAMS 0x00000000ca700000| PB 0x00000000ca700000| Updating 
|  19|0x00000000ca700000, 0x00000000ca800000, 0x00000000ca800000|100%| O|  |TAMS 0x00000000ca700000| PB 0x00000000ca700000| Untracked 
|  20|0x00000000ca800000, 0x00000000ca900000, 0x00000000ca900000|100%| O|  |TAMS 0x00000000ca900000| PB 0x00000000ca900000| Untracked 
|  21|0x00000000ca900000, 0x00000000caa00000, 0x00000000caa00000|100%| O|  |TAMS 0x00000000caa00000| PB 0x00000000caa00000| Updating 
|  22|0x00000000caa00000, 0x00000000cab00000, 0x00000000cab00000|100%| O|  |TAMS 0x00000000cab00000| PB 0x00000000cab00000| Updating 
|  23|0x00000000cab00000, 0x00000000cac00000, 0x00000000cac00000|100%| O|  |TAMS 0x00000000cac00000| PB 0x00000000cac00000| Updating 
|  24|0x00000000cac00000, 0x00000000cad00000, 0x00000000cad00000|100%| O|  |TAMS 0x00000000cad00000| PB 0x00000000cad00000| Updating 
|  25|0x00000000cad00000, 0x00000000cae00000, 0x00000000cae00000|100%| O|  |TAMS 0x00000000cae00000| PB 0x00000000cae00000| Updating 
|  26|0x00000000cae00000, 0x00000000caf00000, 0x00000000caf00000|100%| O|  |TAMS 0x00000000caf00000| PB 0x00000000caf00000| Updating 
|  27|0x00000000caf00000, 0x00000000cb000000, 0x00000000cb000000|100%| O|  |TAMS 0x00000000cb000000| PB 0x00000000cb000000| Updating 
|  28|0x00000000cb000000, 0x00000000cb100000, 0x00000000cb100000|100%| O|  |TAMS 0x00000000cb100000| PB 0x00000000cb100000| Updating 
|  29|0x00000000cb100000, 0x00000000cb200000, 0x00000000cb200000|100%| O|  |TAMS 0x00000000cb200000| PB 0x00000000cb200000| Updating 
|  30|0x00000000cb200000, 0x00000000cb26ab90, 0x00000000cb300000| 41%| O|  |TAMS 0x00000000cb200000| PB 0x00000000cb200000| Updating 
|  31|0x00000000cb300000, 0x00000000cb400000, 0x00000000cb400000|100%| O|  |TAMS 0x00000000cb400000| PB 0x00000000cb400000| Untracked 
|  32|0x00000000cb400000, 0x00000000cb500000, 0x00000000cb500000|100%| O|  |TAMS 0x00000000cb500000| PB 0x00000000cb500000| Untracked 
|  33|0x00000000cb500000, 0x00000000cb600000, 0x00000000cb600000|100%| O|  |TAMS 0x00000000cb600000| PB 0x00000000cb600000| Updating 
|  34|0x00000000cb600000, 0x00000000cb700000, 0x00000000cb700000|100%| O|  |TAMS 0x00000000cb700000| PB 0x00000000cb700000| Untracked 
|  35|0x00000000cb700000, 0x00000000cb800000, 0x00000000cb800000|100%| O|  |TAMS 0x00000000cb800000| PB 0x00000000cb800000| Updating 
|  36|0x00000000cb800000, 0x00000000cb900000, 0x00000000cb900000|100%| O|  |TAMS 0x00000000cb900000| PB 0x00000000cb900000| Updating 
|  37|0x00000000cb900000, 0x00000000cba00000, 0x00000000cba00000|100%| O|  |TAMS 0x00000000cba00000| PB 0x00000000cba00000| Untracked 
|  38|0x00000000cba00000, 0x00000000cbb00000, 0x00000000cbb00000|100%| O|  |TAMS 0x00000000cbb00000| PB 0x00000000cbb00000| Untracked 
|  39|0x00000000cbb00000, 0x00000000cbc00000, 0x00000000cbc00000|100%| O|  |TAMS 0x00000000cbc00000| PB 0x00000000cbc00000| Updating 
|  40|0x00000000cbc00000, 0x00000000cbd00000, 0x00000000cbd00000|100%| O|  |TAMS 0x00000000cbd00000| PB 0x00000000cbd00000| Untracked 
|  41|0x00000000cbd00000, 0x00000000cbd00000, 0x00000000cbe00000|  0%| F|  |TAMS 0x00000000cbd00000| PB 0x00000000cbd00000| Untracked 
|  42|0x00000000cbe00000, 0x00000000cbf00000, 0x00000000cbf00000|100%| O|  |TAMS 0x00000000cbf00000| PB 0x00000000cbf00000| Untracked 
|  43|0x00000000cbf00000, 0x00000000cc000000, 0x00000000cc000000|100%| O|  |TAMS 0x00000000cc000000| PB 0x00000000cc000000| Updating 
|  44|0x00000000cc000000, 0x00000000cc100000, 0x00000000cc100000|100%| O|  |TAMS 0x00000000cc100000| PB 0x00000000cc100000| Untracked 
|  45|0x00000000cc100000, 0x00000000cc200000, 0x00000000cc200000|100%| O|  |TAMS 0x00000000cc200000| PB 0x00000000cc200000| Updating 
|  46|0x00000000cc200000, 0x00000000cc300000, 0x00000000cc300000|100%| O|  |TAMS 0x00000000cc300000| PB 0x00000000cc300000| Untracked 
|  47|0x00000000cc300000, 0x00000000cc400000, 0x00000000cc400000|100%| O|  |TAMS 0x00000000cc400000| PB 0x00000000cc400000| Untracked 
|  48|0x00000000cc400000, 0x00000000cc500000, 0x00000000cc500000|100%| O|  |TAMS 0x00000000cc500000| PB 0x00000000cc500000| Untracked 
|  49|0x00000000cc500000, 0x00000000cc600000, 0x00000000cc600000|100%| O|  |TAMS 0x00000000cc600000| PB 0x00000000cc600000| Untracked 
|  50|0x00000000cc600000, 0x00000000cc700000, 0x00000000cc700000|100%| O|  |TAMS 0x00000000cc700000| PB 0x00000000cc700000| Updating 
|  51|0x00000000cc700000, 0x00000000cc800000, 0x00000000cc800000|100%| O|  |TAMS 0x00000000cc800000| PB 0x00000000cc800000| Updating 
|  52|0x00000000cc800000, 0x00000000cc900000, 0x00000000cc900000|100%| O|  |TAMS 0x00000000cc900000| PB 0x00000000cc900000| Untracked 
|  53|0x00000000cc900000, 0x00000000cca00000, 0x00000000cca00000|100%| O|  |TAMS 0x00000000cc987078| PB 0x00000000cc987078| Updating 
|  54|0x00000000cca00000, 0x00000000cca00000, 0x00000000ccb00000|  0%| F|  |TAMS 0x00000000cca00000| PB 0x00000000cca00000| Untracked 
|  55|0x00000000ccb00000, 0x00000000ccb00000, 0x00000000ccc00000|  0%| F|  |TAMS 0x00000000ccb00000| PB 0x00000000ccb00000| Untracked 
|  56|0x00000000ccc00000, 0x00000000ccc00000, 0x00000000ccd00000|  0%| F|  |TAMS 0x00000000ccc00000| PB 0x00000000ccc00000| Untracked 
|  57|0x00000000ccd00000, 0x00000000ccd00000, 0x00000000cce00000|  0%| F|  |TAMS 0x00000000ccd00000| PB 0x00000000ccd00000| Untracked 
|  58|0x00000000cce00000, 0x00000000cce00000, 0x00000000ccf00000|  0%| F|  |TAMS 0x00000000cce00000| PB 0x00000000cce00000| Untracked 
|  59|0x00000000ccf00000, 0x00000000cd000000, 0x00000000cd000000|100%| O|  |TAMS 0x00000000cd000000| PB 0x00000000cd000000| Untracked 
|  60|0x00000000cd000000, 0x00000000cd000000, 0x00000000cd100000|  0%| F|  |TAMS 0x00000000cd000000| PB 0x00000000cd000000| Untracked 
|  61|0x00000000cd100000, 0x00000000cd1e87d0, 0x00000000cd200000| 90%| S|CS|TAMS 0x00000000cd100000| PB 0x00000000cd100000| Complete 
|  62|0x00000000cd200000, 0x00000000cd300000, 0x00000000cd300000|100%| S|CS|TAMS 0x00000000cd200000| PB 0x00000000cd200000| Complete 
|  63|0x00000000cd300000, 0x00000000cd400000, 0x00000000cd400000|100%| S|CS|TAMS 0x00000000cd300000| PB 0x00000000cd300000| Complete 
|  64|0x00000000cd400000, 0x00000000cd500000, 0x00000000cd500000|100%| S|CS|TAMS 0x00000000cd400000| PB 0x00000000cd400000| Complete 
|  65|0x00000000cd500000, 0x00000000cd500000, 0x00000000cd600000|  0%| F|  |TAMS 0x00000000cd500000| PB 0x00000000cd500000| Untracked 
|  66|0x00000000cd600000, 0x00000000cd600000, 0x00000000cd700000|  0%| F|  |TAMS 0x00000000cd600000| PB 0x00000000cd600000| Untracked 
|  67|0x00000000cd700000, 0x00000000cd700000, 0x00000000cd800000|  0%| F|  |TAMS 0x00000000cd700000| PB 0x00000000cd700000| Untracked 
|  68|0x00000000cd800000, 0x00000000cd800000, 0x00000000cd900000|  0%| F|  |TAMS 0x00000000cd800000| PB 0x00000000cd800000| Untracked 
|  69|0x00000000cd900000, 0x00000000cd900000, 0x00000000cda00000|  0%| F|  |TAMS 0x00000000cd900000| PB 0x00000000cd900000| Untracked 
|  70|0x00000000cda00000, 0x00000000cda00000, 0x00000000cdb00000|  0%| F|  |TAMS 0x00000000cda00000| PB 0x00000000cda00000| Untracked 
|  71|0x00000000cdb00000, 0x00000000cdb00000, 0x00000000cdc00000|  0%| F|  |TAMS 0x00000000cdb00000| PB 0x00000000cdb00000| Untracked 
|  72|0x00000000cdc00000, 0x00000000cdc00000, 0x00000000cdd00000|  0%| F|  |TAMS 0x00000000cdc00000| PB 0x00000000cdc00000| Untracked 
|  73|0x00000000cdd00000, 0x00000000cdd00000, 0x00000000cde00000|  0%| F|  |TAMS 0x00000000cdd00000| PB 0x00000000cdd00000| Untracked 
|  74|0x00000000cde00000, 0x00000000cde00000, 0x00000000cdf00000|  0%| F|  |TAMS 0x00000000cde00000| PB 0x00000000cde00000| Untracked 
|  75|0x00000000cdf00000, 0x00000000cdf00000, 0x00000000ce000000|  0%| F|  |TAMS 0x00000000cdf00000| PB 0x00000000cdf00000| Untracked 
|  76|0x00000000ce000000, 0x00000000ce000000, 0x00000000ce100000|  0%| F|  |TAMS 0x00000000ce000000| PB 0x00000000ce000000| Untracked 
|  77|0x00000000ce100000, 0x00000000ce100000, 0x00000000ce200000|  0%| F|  |TAMS 0x00000000ce100000| PB 0x00000000ce100000| Untracked 
|  78|0x00000000ce200000, 0x00000000ce200000, 0x00000000ce300000|  0%| F|  |TAMS 0x00000000ce200000| PB 0x00000000ce200000| Untracked 
|  79|0x00000000ce300000, 0x00000000ce300000, 0x00000000ce400000|  0%| F|  |TAMS 0x00000000ce300000| PB 0x00000000ce300000| Untracked 
|  80|0x00000000ce400000, 0x00000000ce400000, 0x00000000ce500000|  0%| F|  |TAMS 0x00000000ce400000| PB 0x00000000ce400000| Untracked 
|  81|0x00000000ce500000, 0x00000000ce500000, 0x00000000ce600000|  0%| F|  |TAMS 0x00000000ce500000| PB 0x00000000ce500000| Untracked 
|  82|0x00000000ce600000, 0x00000000ce600000, 0x00000000ce700000|  0%| F|  |TAMS 0x00000000ce600000| PB 0x00000000ce600000| Untracked 
|  83|0x00000000ce700000, 0x00000000ce700000, 0x00000000ce800000|  0%| F|  |TAMS 0x00000000ce700000| PB 0x00000000ce700000| Untracked 
|  84|0x00000000ce800000, 0x00000000ce800000, 0x00000000ce900000|  0%| F|  |TAMS 0x00000000ce800000| PB 0x00000000ce800000| Untracked 
|  85|0x00000000ce900000, 0x00000000ce900000, 0x00000000cea00000|  0%| F|  |TAMS 0x00000000ce900000| PB 0x00000000ce900000| Untracked 
|  86|0x00000000cea00000, 0x00000000cea7a1a8, 0x00000000ceb00000| 47%| E|  |TAMS 0x00000000cea00000| PB 0x00000000cea00000| Complete 
|  87|0x00000000ceb00000, 0x00000000cec00000, 0x00000000cec00000|100%| E|CS|TAMS 0x00000000ceb00000| PB 0x00000000ceb00000| Complete 
|  88|0x00000000cec00000, 0x00000000ced00000, 0x00000000ced00000|100%| E|CS|TAMS 0x00000000cec00000| PB 0x00000000cec00000| Complete 

Card table byte_map: [0x0000022249970000,0x0000022249b30000] _byte_map_base: 0x0000022249326000

Marking Bits: (CMBitMap*) 0x0000022249beefc0
 Bits: [0x0000022250530000, 0x00000222512e0000)

Polling page: 0x0000022247960000

Metaspace:

Usage:
  Non-class:     71.96 MB used.
      Class:     12.28 MB used.
       Both:     84.23 MB used.

Virtual space:
  Non-class space:      128.00 MB reserved,      72.44 MB ( 57%) committed,  2 nodes.
      Class space:        1.00 GB reserved,      12.62 MB (  1%) committed,  1 nodes.
             Both:        1.12 GB reserved,      85.06 MB (  7%) committed. 

Chunk freelists:
   Non-Class:  6.94 MB
       Class:  3.38 MB
        Both:  10.32 MB

MaxMetaspaceSize: unlimited
CompressedClassSpaceSize: 1.00 GB
Initial GC threshold: 21.00 MB
Current GC threshold: 133.44 MB
CDS: on
 - commit_granule_bytes: 65536.
 - commit_granule_words: 8192.
 - virtual_space_node_default_size: 8388608.
 - enlarge_chunks_in_place: 1.
 - use_allocation_guard: 0.


Internal statistics:

num_allocs_failed_limit: 3.
num_arena_births: 1366.
num_arena_deaths: 90.
num_vsnodes_births: 3.
num_vsnodes_deaths: 0.
num_space_committed: 1361.
num_space_uncommitted: 0.
num_chunks_returned_to_freelist: 116.
num_chunks_taken_from_freelist: 4524.
num_chunk_merges: 22.
num_chunk_splits: 3209.
num_chunks_enlarged: 2494.
num_inconsistent_stats: 0.

CodeCache: size=49152Kb used=13076Kb max_used=13270Kb free=36075Kb
 bounds [0x000002224d530000, 0x000002224e230000, 0x0000022250530000]
 total_blobs=8056 nmethods=7305 adapters=674
 compilation: enabled
              stopped_count=0, restarted_count=0
 full_count=0

Compilation events (20 events):
Event: 47.413 Thread 0x0000022253886340 7419       1       org.springframework.beans.factory.support.ConstructorResolver$ConstructorDependencyDescriptor::resolveShortcut (25 bytes)
Event: 47.413 Thread 0x0000022253886340 nmethod 7419 0x000002224e11ba10 code [0x000002224e11bbc0, 0x000002224e11bd28]
Event: 47.413 Thread 0x0000022253886340 7420       1       org.springframework.core.KotlinDetector::isKotlinPresent (4 bytes)
Event: 47.414 Thread 0x0000022253886340 nmethod 7420 0x000002224e11b710 code [0x000002224e11b8a0, 0x000002224e11b948]
Event: 47.414 Thread 0x0000022253886340 7421       1       org.springframework.core.annotation.TypeMappedAnnotation$$Lambda/0x0000022201286e00::extract (10 bytes)
Event: 47.414 Thread 0x0000022253886340 nmethod 7421 0x000002224e11b390 code [0x000002224e11b540, 0x000002224e11b630]
Event: 47.414 Thread 0x0000022253886340 7422       1       org.springframework.core.annotation.TypeMappedAnnotation::getValueForMirrorResolution (41 bytes)
Event: 47.414 Thread 0x0000022253886340 nmethod 7422 0x000002224e11ae10 code [0x000002224e11afe0, 0x000002224e11b1b8]
Event: 47.442 Thread 0x0000022253886340 7424   !   1       org.springframework.beans.factory.support.ConstructorResolver::instantiate (46 bytes)
Event: 47.443 Thread 0x0000022253886340 nmethod 7424 0x000002224e11a490 code [0x000002224e11a6a0, 0x000002224e11aa80]
Event: 47.443 Thread 0x0000022253886340 7425       1       org.springframework.beans.factory.support.SimpleInstantiationStrategy::instantiate (19 bytes)
Event: 47.444 Thread 0x0000022253886340 nmethod 7425 0x000002224e119f90 code [0x000002224e11a160, 0x000002224e11a320]
Event: 47.444 Thread 0x0000022253886340 7426       1       org.springframework.beans.factory.support.SimpleInstantiationStrategy$$Lambda/0x00000222014dd398::<init> (32 bytes)
Event: 47.444 Thread 0x0000022253886340 nmethod 7426 0x000002224e119a90 code [0x000002224e119c40, 0x000002224e119ed0]
Event: 47.444 Thread 0x0000022253886340 7427   !   1       org.springframework.beans.factory.support.SimpleInstantiationStrategy::instantiateWithFactoryMethod (71 bytes)
Event: 47.445 Thread 0x0000022253886340 nmethod 7427 0x000002224e118c90 code [0x000002224e118ee0, 0x000002224e119568]
Event: 47.445 Thread 0x0000022253886340 7428       1       org.springframework.beans.factory.support.SimpleInstantiationStrategy$$Lambda/0x00000222014dd398::get (24 bytes)
Event: 47.446 Thread 0x0000022253886340 nmethod 7428 0x000002224e118910 code [0x000002224e118ac0, 0x000002224e118bc0]
Event: 47.446 Thread 0x0000022253886340 7429   !   1       org.springframework.beans.factory.support.SimpleInstantiationStrategy::lambda$instantiate$0 (208 bytes)
Event: 47.448 Thread 0x0000022253886340 nmethod 7429 0x000002224e116f10 code [0x000002224e117260, 0x000002224e117f38]

GC Heap History (20 events):
Event: 32.529 GC heap before
{Heap before GC invocations=29 (full 0):
 garbage-first heap   total 75776K, used 66324K [0x00000000c9400000, 0x0000000100000000)
  region size 1024K, 24 young (24576K), 3 survivors (3072K)
 Metaspace       used 61662K, committed 62400K, reserved 1114112K
  class space    used 8605K, committed 8960K, reserved 1048576K
}
Event: 32.538 GC heap after
{Heap after GC invocations=30 (full 0):
 garbage-first heap   total 75776K, used 47432K [0x00000000c9400000, 0x0000000100000000)
  region size 1024K, 2 young (2048K), 2 survivors (2048K)
 Metaspace       used 61662K, committed 62400K, reserved 1114112K
  class space    used 8605K, committed 8960K, reserved 1048576K
}
Event: 35.799 GC heap before
{Heap before GC invocations=31 (full 0):
 garbage-first heap   total 80896K, used 66888K [0x00000000c9400000, 0x0000000100000000)
  region size 1024K, 22 young (22528K), 2 survivors (2048K)
 Metaspace       used 67253K, committed 67904K, reserved 1114112K
  class space    used 9547K, committed 9856K, reserved 1048576K
}
Event: 35.804 GC heap after
{Heap after GC invocations=32 (full 0):
 garbage-first heap   total 80896K, used 47977K [0x00000000c9400000, 0x0000000100000000)
  region size 1024K, 2 young (2048K), 2 survivors (2048K)
 Metaspace       used 67253K, committed 67904K, reserved 1114112K
  class space    used 9547K, committed 9856K, reserved 1048576K
}
Event: 38.760 GC heap before
{Heap before GC invocations=32 (full 0):
 garbage-first heap   total 80896K, used 73577K [0x00000000c9400000, 0x0000000100000000)
  region size 1024K, 27 young (27648K), 2 survivors (2048K)
 Metaspace       used 72699K, committed 73408K, reserved 1114112K
  class space    used 10255K, committed 10560K, reserved 1048576K
}
Event: 38.769 GC heap after
{Heap after GC invocations=33 (full 0):
 garbage-first heap   total 80896K, used 47882K [0x00000000c9400000, 0x0000000100000000)
  region size 1024K, 4 young (4096K), 4 survivors (4096K)
 Metaspace       used 72699K, committed 73408K, reserved 1114112K
  class space    used 10255K, committed 10560K, reserved 1048576K
}
Event: 41.170 GC heap before
{Heap before GC invocations=33 (full 0):
 garbage-first heap   total 80896K, used 70410K [0x00000000c9400000, 0x0000000100000000)
  region size 1024K, 27 young (27648K), 4 survivors (4096K)
 Metaspace       used 76629K, committed 77376K, reserved 1179648K
  class space    used 10995K, committed 11328K, reserved 1048576K
}
Event: 41.182 GC heap after
{Heap after GC invocations=34 (full 0):
 garbage-first heap   total 80896K, used 49745K [0x00000000c9400000, 0x0000000100000000)
  region size 1024K, 4 young (4096K), 4 survivors (4096K)
 Metaspace       used 76629K, committed 77376K, reserved 1179648K
  class space    used 10995K, committed 11328K, reserved 1048576K
}
Event: 41.610 GC heap before
{Heap before GC invocations=35 (full 0):
 garbage-first heap   total 83968K, used 70225K [0x00000000c9400000, 0x0000000100000000)
  region size 1024K, 25 young (25600K), 4 survivors (4096K)
 Metaspace       used 78104K, committed 78848K, reserved 1179648K
  class space    used 11376K, committed 11712K, reserved 1048576K
}
Event: 41.620 GC heap after
{Heap after GC invocations=36 (full 0):
 garbage-first heap   total 83968K, used 51865K [0x00000000c9400000, 0x0000000100000000)
  region size 1024K, 4 young (4096K), 4 survivors (4096K)
 Metaspace       used 78104K, committed 78848K, reserved 1179648K
  class space    used 11376K, committed 11712K, reserved 1048576K
}
Event: 41.710 GC heap before
{Heap before GC invocations=36 (full 0):
 garbage-first heap   total 83968K, used 74393K [0x00000000c9400000, 0x0000000100000000)
  region size 1024K, 26 young (26624K), 4 survivors (4096K)
 Metaspace       used 78116K, committed 78848K, reserved 1179648K
  class space    used 11376K, committed 11712K, reserved 1048576K
}
Event: 41.720 GC heap after
{Heap after GC invocations=37 (full 0):
 garbage-first heap   total 83968K, used 51945K [0x00000000c9400000, 0x0000000100000000)
  region size 1024K, 2 young (2048K), 2 survivors (2048K)
 Metaspace       used 78116K, committed 78848K, reserved 1179648K
  class space    used 11376K, committed 11712K, reserved 1048576K
}
Event: 42.792 GC heap before
{Heap before GC invocations=37 (full 0):
 garbage-first heap   total 83968K, used 74473K [0x00000000c9400000, 0x0000000100000000)
  region size 1024K, 25 young (25600K), 2 survivors (2048K)
 Metaspace       used 81172K, committed 81920K, reserved 1179648K
  class space    used 11798K, committed 12096K, reserved 1048576K
}
Event: 42.798 GC heap after
{Heap after GC invocations=38 (full 0):
 garbage-first heap   total 83968K, used 53488K [0x00000000c9400000, 0x0000000100000000)
  region size 1024K, 3 young (3072K), 3 survivors (3072K)
 Metaspace       used 81172K, committed 81920K, reserved 1179648K
  class space    used 11798K, committed 12096K, reserved 1048576K
}
Event: 44.302 GC heap before
{Heap before GC invocations=39 (full 0):
 garbage-first heap   total 91136K, used 74992K [0x00000000c9400000, 0x0000000100000000)
  region size 1024K, 24 young (24576K), 3 survivors (3072K)
 Metaspace       used 82654K, committed 83392K, reserved 1179648K
  class space    used 12014K, committed 12352K, reserved 1048576K
}
Event: 44.314 GC heap after
{Heap after GC invocations=40 (full 0):
 garbage-first heap   total 91136K, used 55824K [0x00000000c9400000, 0x0000000100000000)
  region size 1024K, 3 young (3072K), 3 survivors (3072K)
 Metaspace       used 82654K, committed 83392K, reserved 1179648K
  class space    used 12014K, committed 12352K, reserved 1048576K
}
Event: 46.577 GC heap before
{Heap before GC invocations=40 (full 0):
 garbage-first heap   total 91136K, used 81424K [0x00000000c9400000, 0x0000000100000000)
  region size 1024K, 28 young (28672K), 3 survivors (3072K)
 Metaspace       used 84229K, committed 85056K, reserved 1179648K
  class space    used 12272K, committed 12608K, reserved 1048576K
}
Event: 46.589 GC heap after
{Heap after GC invocations=41 (full 0):
 garbage-first heap   total 91136K, used 56717K [0x00000000c9400000, 0x0000000100000000)
  region size 1024K, 4 young (4096K), 4 survivors (4096K)
 Metaspace       used 84229K, committed 85056K, reserved 1179648K
  class space    used 12272K, committed 12608K, reserved 1048576K
}
Event: 47.357 GC heap before
{Heap before GC invocations=41 (full 0):
 garbage-first heap   total 91136K, used 80269K [0x00000000c9400000, 0x0000000100000000)
  region size 1024K, 28 young (28672K), 4 survivors (4096K)
 Metaspace       used 86109K, committed 86976K, reserved 1179648K
  class space    used 12552K, committed 12928K, reserved 1048576K
}
Event: 47.367 GC heap after
{Heap after GC invocations=42 (full 0):
 garbage-first heap   total 91136K, used 58700K [0x00000000c9400000, 0x0000000100000000)
  region size 1024K, 4 young (4096K), 4 survivors (4096K)
 Metaspace       used 86109K, committed 86976K, reserved 1179648K
  class space    used 12552K, committed 12928K, reserved 1048576K
}

Dll operation events (11 events):
Event: 0.134 Loaded shared library C:\Users\Lucky Parashar\3D Objects\Desktop\web java class\softwares\sts-4.30.0.RELEASE\plugins\org.eclipse.justj.openjdk.hotspot.jre.full.win32.x86_64_21.0.6.v20250130-0529\jre\bin\java.dll
Event: 0.202 Loaded shared library C:\Users\Lucky Parashar\3D Objects\Desktop\web java class\softwares\sts-4.30.0.RELEASE\plugins\org.eclipse.justj.openjdk.hotspot.jre.full.win32.x86_64_21.0.6.v20250130-0529\jre\bin\zip.dll
Event: 1.207 Loaded shared library C:\Users\Lucky Parashar\3D Objects\Desktop\web java class\softwares\sts-4.30.0.RELEASE\plugins\org.eclipse.justj.openjdk.hotspot.jre.full.win32.x86_64_21.0.6.v20250130-0529\jre\bin\jimage.dll
Event: 1.219 Loaded shared library C:\Users\Lucky Parashar\3D Objects\Desktop\web java class\softwares\sts-4.30.0.RELEASE\plugins\org.eclipse.justj.openjdk.hotspot.jre.full.win32.x86_64_21.0.6.v20250130-0529\jre\bin\net.dll
Event: 1.222 Loaded shared library C:\Users\Lucky Parashar\3D Objects\Desktop\web java class\softwares\sts-4.30.0.RELEASE\plugins\org.eclipse.justj.openjdk.hotspot.jre.full.win32.x86_64_21.0.6.v20250130-0529\jre\bin\nio.dll
Event: 1.232 Loaded shared library C:\Users\Lucky Parashar\3D Objects\Desktop\web java class\softwares\sts-4.30.0.RELEASE\plugins\org.eclipse.justj.openjdk.hotspot.jre.full.win32.x86_64_21.0.6.v20250130-0529\jre\bin\zip.dll
Event: 1.534 Loaded shared library C:\Users\Lucky Parashar\3D Objects\Desktop\web java class\softwares\sts-4.30.0.RELEASE\plugins\org.eclipse.justj.openjdk.hotspot.jre.full.win32.x86_64_21.0.6.v20250130-0529\jre\bin\management.dll
Event: 1.582 Loaded shared library C:\Users\Lucky Parashar\3D Objects\Desktop\web java class\softwares\sts-4.30.0.RELEASE\plugins\org.eclipse.justj.openjdk.hotspot.jre.full.win32.x86_64_21.0.6.v20250130-0529\jre\bin\management_ext.dll
Event: 2.680 Loaded shared library C:\Users\Lucky Parashar\3D Objects\Desktop\web java class\softwares\sts-4.30.0.RELEASE\plugins\org.eclipse.justj.openjdk.hotspot.jre.full.win32.x86_64_21.0.6.v20250130-0529\jre\bin\extnet.dll
Event: 10.100 Loaded shared library C:\Users\Lucky Parashar\3D Objects\Desktop\web java class\softwares\sts-4.30.0.RELEASE\plugins\org.eclipse.justj.openjdk.hotspot.jre.full.win32.x86_64_21.0.6.v20250130-0529\jre\bin\sunmscapi.dll
Event: 24.673 Loaded shared library C:\Users\Lucky Parashar\3D Objects\Desktop\web java class\softwares\sts-4.30.0.RELEASE\plugins\org.eclipse.justj.openjdk.hotspot.jre.full.win32.x86_64_21.0.6.v20250130-0529\jre\bin\verify.dll

Deoptimization events (0 events):
No events

Classes loaded (20 events):
Event: 42.673 Loading class java/util/Collections$SynchronizedRandomAccessList
Event: 42.674 Loading class java/util/Collections$SynchronizedList
Event: 42.674 Loading class java/util/Collections$SynchronizedList done
Event: 42.674 Loading class java/util/Collections$SynchronizedRandomAccessList done
Event: 43.504 Loading class java/util/Comparators$NullComparator
Event: 43.504 Loading class java/util/Comparators$NullComparator done
Event: 43.594 Loading class java/util/AbstractList$SubList$1
Event: 43.594 Loading class java/util/AbstractList$SubList$1 done
Event: 43.895 Loading class java/util/EnumMap$EntrySet
Event: 43.896 Loading class java/util/EnumMap$EntrySet done
Event: 43.896 Loading class java/util/EnumMap$EntryIterator
Event: 43.896 Loading class java/util/EnumMap$EnumMapIterator
Event: 43.896 Loading class java/util/EnumMap$EnumMapIterator done
Event: 43.897 Loading class java/util/EnumMap$EntryIterator done
Event: 44.471 Loading class sun/reflect/annotation/AnnotationInvocationHandler$1
Event: 44.472 Loading class sun/reflect/annotation/AnnotationInvocationHandler$1 done
Event: 45.809 Loading class java/util/EnumMap$EntryIterator$Entry
Event: 45.811 Loading class java/util/EnumMap$EntryIterator$Entry done
Event: 45.834 Loading class sun/reflect/annotation/AnnotationSupport
Event: 45.835 Loading class sun/reflect/annotation/AnnotationSupport done

Classes unloaded (20 events):
Event: 32.640 Thread 0x0000022253862720 Unloading class 0x00000222010c5400 'java/lang/invoke/LambdaForm$MH+0x00000222010c5400'
Event: 32.640 Thread 0x0000022253862720 Unloading class 0x00000222010c4400 'java/lang/invoke/LambdaForm$MH+0x00000222010c4400'
Event: 32.640 Thread 0x0000022253862720 Unloading class 0x00000222010c4000 'java/lang/invoke/LambdaForm$MH+0x00000222010c4000'
Event: 32.640 Thread 0x0000022253862720 Unloading class 0x00000222010c3800 'java/lang/invoke/LambdaForm$MH+0x00000222010c3800'
Event: 32.640 Thread 0x0000022253862720 Unloading class 0x00000222010c1000 'jdk/internal/reflect/GeneratedSerializationConstructorAccessor3'
Event: 32.640 Thread 0x0000022253862720 Unloading class 0x00000222010c0c00 'jdk/internal/reflect/GeneratedSerializationConstructorAccessor2'
Event: 32.640 Thread 0x0000022253862720 Unloading class 0x00000222010c0800 'jdk/internal/reflect/GeneratedSerializationConstructorAccessor1'
Event: 32.640 Thread 0x0000022253862720 Unloading class 0x000002220100b000 'java/lang/invoke/LambdaForm$DMH+0x000002220100b000'
Event: 32.640 Thread 0x0000022253862720 Unloading class 0x000002220100a800 'java/lang/invoke/LambdaForm$DMH+0x000002220100a800'
Event: 32.640 Thread 0x0000022253862720 Unloading class 0x0000022201009800 'java/lang/invoke/LambdaForm$DMH+0x0000022201009800'
Event: 32.640 Thread 0x0000022253862720 Unloading class 0x0000022201009400 'java/lang/invoke/LambdaForm$DMH+0x0000022201009400'
Event: 41.291 Thread 0x0000022253862720 Unloading class 0x0000022201360000 'java/lang/invoke/LambdaForm$DMH+0x0000022201360000'
Event: 41.291 Thread 0x0000022253862720 Unloading class 0x00000222011e2800 'java/lang/invoke/LambdaForm$MH+0x00000222011e2800'
Event: 41.291 Thread 0x0000022253862720 Unloading class 0x00000222011e1400 'java/lang/invoke/LambdaForm$MH+0x00000222011e1400'
Event: 41.291 Thread 0x0000022253862720 Unloading class 0x00000222011e1000 'java/lang/invoke/LambdaForm$MH+0x00000222011e1000'
Event: 43.146 Thread 0x0000022253862720 Unloading class 0x00000222010d8800 'java/lang/invoke/LambdaForm$MH+0x00000222010d8800'
Event: 43.146 Thread 0x0000022253862720 Unloading class 0x00000222010d0400 'java/lang/invoke/LambdaForm$MH+0x00000222010d0400'
Event: 43.146 Thread 0x0000022253862720 Unloading class 0x0000022201007800 'java/lang/invoke/LambdaForm$MH+0x0000022201007800'
Event: 47.510 Thread 0x0000022253862720 Unloading class 0x0000022201ba4400 'jdk/internal/reflect/GeneratedSerializationConstructorAccessor21'
Event: 47.510 Thread 0x0000022253862720 Unloading class 0x0000022201ba4000 'jdk/internal/reflect/GeneratedSerializationConstructorAccessor20'

Classes redefined (0 events):
No events

Internal exceptions (20 events):
Event: 36.603 Thread 0x00000222585e3230 Exception <a 'java/lang/NoSuchMethodError'{0x00000000cdeb1268}: 'java.lang.Object java.lang.invoke.DirectMethodHandle$Holder.newInvokeSpecial(java.lang.Object, java.lang.Object, java.lang.Object, java.lang.Object, java.lang.Object, int, java.lang.Object)'> (0x00000000cdeb1268) 
thrown [s\src\hotspot\share\interpreter\linkResolver.cpp, line 773]
Event: 36.665 Thread 0x00000222585e3230 Exception <a 'java/lang/NoSuchMethodError'{0x00000000cdee7b78}: 'java.lang.Object java.lang.invoke.Invokers$Holder.linkToTargetMethod(java.lang.Object, java.lang.Object, java.lang.Object, java.lang.Object, java.lang.Object, java.lang.Object, java.lang.Object, java.lang.Object, java.lang.Object, java.lang.Object, java.lang.Object, java.lang.Object)'> (0x00000000cdee7b78) 
thrown [s\src\hotspot\share\interpreter\linkResolver.cpp, line 773]
Event: 36.915 Thread 0x00000222585e3230 Exception <a 'java/lang/IncompatibleClassChangeError'{0x00000000cdc54d68}: Found class java.lang.Object, but interface was expected> (0x00000000cdc54d68) 
thrown [s\src\hotspot\share\interpreter\linkResolver.cpp, line 840]
Event: 37.040 Thread 0x00000222585e3230 Exception <a 'java/lang/NoSuchMethodError'{0x00000000cdce2138}: 'java.lang.Object java.lang.invoke.DirectMethodHandle$Holder.newInvokeSpecial(java.lang.Object, java.lang.Object, java.lang.Object, java.lang.Object, java.lang.Object, java.lang.Object, java.lang.Object, int)'> (0x00000000cdce2138) 
thrown [s\src\hotspot\share\interpreter\linkResolver.cpp, line 773]
Event: 37.040 Thread 0x00000222585e3230 Exception <a 'java/lang/NoSuchMethodError'{0x00000000cdce6788}: 'java.lang.Object java.lang.invoke.DirectMethodHandle$Holder.invokeSpecial(java.lang.Object, java.lang.Object, java.lang.Object, java.lang.Object, java.lang.Object, java.lang.Object, java.lang.Object, java.lang.Object, int)'> (0x00000000cdce6788) 
thrown [s\src\hotspot\share\interpreter\linkResolver.cpp, line 773]
Event: 37.042 Thread 0x00000222585e3230 Exception <a 'java/lang/NoSuchMethodError'{0x00000000cdcea7c0}: 'java.lang.Object java.lang.invoke.Invokers$Holder.linkToTargetMethod(java.lang.Object, java.lang.Object, java.lang.Object, java.lang.Object, java.lang.Object, java.lang.Object, int, java.lang.Object)'> (0x00000000cdcea7c0) 
thrown [s\src\hotspot\share\interpreter\linkResolver.cpp, line 773]
Event: 37.135 Thread 0x00000222585e3230 Exception <a 'java/lang/NoSuchMethodError'{0x00000000cdbe7750}: 'java.lang.Object java.lang.invoke.DirectMethodHandle$Holder.newInvokeSpecial(java.lang.Object, java.lang.Object, int, java.lang.Object, int, java.lang.Object, java.lang.Object)'> (0x00000000cdbe7750) 
thrown [s\src\hotspot\share\interpreter\linkResolver.cpp, line 773]
Event: 37.679 Thread 0x00000222585e3230 Exception <a 'java/lang/NoSuchMethodError'{0x00000000cd6eba50}: 'java.lang.Object java.lang.invoke.DirectMethodHandle$Holder.invokeSpecial(java.lang.Object, java.lang.Object, int, java.lang.Object, int)'> (0x00000000cd6eba50) 
thrown [s\src\hotspot\share\interpreter\linkResolver.cpp, line 773]
Event: 38.180 Thread 0x00000222585e3230 Exception <a 'java/lang/IncompatibleClassChangeError'{0x00000000ccc967d0}: Found class java.lang.Object, but interface was expected> (0x00000000ccc967d0) 
thrown [s\src\hotspot\share\interpreter\linkResolver.cpp, line 840]
Event: 38.349 Thread 0x00000222585e3230 Exception <a 'java/lang/IncompatibleClassChangeError'{0x00000000cc8acf40}: Found class java.lang.Object, but interface was expected> (0x00000000cc8acf40) 
thrown [s\src\hotspot\share\interpreter\linkResolver.cpp, line 840]
Event: 39.504 Thread 0x00000222585e3230 Exception <a 'java/lang/IncompatibleClassChangeError'{0x00000000cdf9d510}: Found class java.lang.Object, but interface was expected> (0x00000000cdf9d510) 
thrown [s\src\hotspot\share\interpreter\linkResolver.cpp, line 840]
Event: 39.832 Thread 0x00000222585e3230 Exception <a 'java/lang/IncompatibleClassChangeError'{0x00000000cdca6780}: Found class java.lang.Object, but interface was expected> (0x00000000cdca6780) 
thrown [s\src\hotspot\share\interpreter\linkResolver.cpp, line 840]
Event: 42.597 Thread 0x00000222585e3230 Exception <a 'java/lang/NoSuchMethodError'{0x00000000cd6f7af8}: 'java.lang.Object java.lang.invoke.DirectMethodHandle$Holder.newInvokeSpecial(java.lang.Object, java.lang.Object, java.lang.Object, java.lang.Object, java.lang.Object, java.lang.Object, java.lang.Object, java.lang.Object)'> (0x00000000cd6f7af8) 
thrown [s\src\hotspot\share\interpreter\linkResolver.cpp, line 773]
Event: 44.041 Thread 0x00000222585e3230 Exception <a 'java/lang/IncompatibleClassChangeError'{0x00000000cdb15e80}: Found class java.lang.Object, but interface was expected> (0x00000000cdb15e80) 
thrown [s\src\hotspot\share\interpreter\linkResolver.cpp, line 840]
Event: 44.144 Thread 0x00000222585e3230 Exception <a 'java/lang/NoSuchMethodError'{0x00000000cd91b470}: 'java.lang.Object java.lang.invoke.DirectMethodHandle$Holder.invokeVirtual(java.lang.Object, java.lang.Object, java.lang.Object, java.lang.Object, java.lang.Object, java.lang.Object, java.lang.Object, java.lang.Object, java.lang.Object)'> (0x00000000cd91b470) 
thrown [s\src\hotspot\share\interpreter\linkResolver.cpp, line 773]
Event: 44.219 Thread 0x00000222585e3230 Exception <a 'java/lang/NoSuchMethodError'{0x00000000cd9d0270}: 'java.lang.Object java.lang.invoke.DirectMethodHandle$Holder.newInvokeSpecial(java.lang.Object, java.lang.Object, java.lang.Object, java.lang.Object, java.lang.Object, java.lang.Object, java.lang.Object, java.lang.Object, java.lang.Object)'> (0x00000000cd9d0270) 
thrown [s\src\hotspot\share\interpreter\linkResolver.cpp, line 773]
Event: 46.889 Thread 0x00000222585e3230 Exception <a 'java/lang/NoSuchMethodError'{0x00000000ce1d01c0}: 'java.lang.Object java.lang.invoke.DirectMethodHandle$Holder.invokeInterface(java.lang.Object, java.lang.Object, java.lang.Object, java.lang.Object)'> (0x00000000ce1d01c0) 
thrown [s\src\hotspot\share\interpreter\linkResolver.cpp, line 773]
Event: 47.106 Thread 0x00000222585e3230 Exception <a 'java/lang/NoSuchMethodError'{0x00000000cdb6d468}: 'int java.lang.invoke.DirectMethodHandle$Holder.invokeStaticInit(java.lang.Object, java.lang.Object, java.lang.Object, java.lang.Object)'> (0x00000000cdb6d468) 
thrown [s\src\hotspot\share\interpreter\linkResolver.cpp, line 773]
Event: 47.311 Thread 0x00000222585e3230 Exception <a 'java/lang/NoSuchMethodError'{0x00000000cd69cf60}: 'java.lang.Object java.lang.invoke.DirectMethodHandle$Holder.invokeVirtual(java.lang.Object, java.lang.Object, java.lang.Object, java.lang.Object, java.lang.Object, java.lang.Object, java.lang.Object)'> (0x00000000cd69cf60) 
thrown [s\src\hotspot\share\interpreter\linkResolver.cpp, line 773]
Event: 47.347 Thread 0x00000222585e3230 Exception <a 'java/lang/NoSuchMethodError'{0x00000000cd5a1028}: 'java.lang.Object java.lang.invoke.DirectMethodHandle$Holder.invokeVirtual(java.lang.Object, java.lang.Object, java.lang.Object, java.lang.Object, java.lang.Object, java.lang.Object, java.lang.Object, java.lang.Object, java.lang.Object, java.lang.Object)'> (0x00000000cd5a1028) 
thrown [s\src\hotspot\share\interpreter\linkResolver.cpp, line 773]

ZGC Phase Switch (0 events):
No events

VM Operations (20 events):
Event: 44.084 Executing VM operation: HandshakeAllThreads (Deoptimize) done
Event: 44.302 Executing VM operation: G1CollectForAllocation (G1 Evacuation Pause)
Event: 44.314 Executing VM operation: G1CollectForAllocation (G1 Evacuation Pause) done
Event: 45.315 Executing VM operation: Cleanup
Event: 45.315 Executing VM operation: Cleanup done
Event: 45.666 Executing VM operation: HandshakeAllThreads (Deoptimize)
Event: 45.666 Executing VM operation: HandshakeAllThreads (Deoptimize) done
Event: 46.055 Executing VM operation: HandshakeAllThreads (Deoptimize)
Event: 46.055 Executing VM operation: HandshakeAllThreads (Deoptimize) done
Event: 46.330 Executing VM operation: HandshakeAllThreads (Deoptimize)
Event: 46.330 Executing VM operation: HandshakeAllThreads (Deoptimize) done
Event: 46.330 Executing VM operation: Cleanup
Event: 46.330 Executing VM operation: Cleanup done
Event: 46.577 Executing VM operation: G1CollectForAllocation (G1 Evacuation Pause)
Event: 46.589 Executing VM operation: G1CollectForAllocation (G1 Evacuation Pause) done
Event: 47.055 Executing VM operation: HandshakeAllThreads (Deoptimize)
Event: 47.055 Executing VM operation: HandshakeAllThreads (Deoptimize) done
Event: 47.357 Executing VM operation: G1CollectForAllocation (G1 Evacuation Pause)
Event: 47.367 Executing VM operation: G1CollectForAllocation (G1 Evacuation Pause) done
Event: 47.509 Executing VM operation: G1PauseRemark

Memory protections (0 events):
No events

Nmethod flushes (20 events):
Event: 41.304 Thread 0x0000022253862720 flushing  nmethod 0x000002224e0ed190
Event: 43.158 Thread 0x0000022253862720 flushing  nmethod 0x000002224d84ee10
Event: 43.158 Thread 0x0000022253862720 flushing  nmethod 0x000002224d6bd890
Event: 43.158 Thread 0x0000022253862720 flushing  nmethod 0x000002224d769590
Event: 43.158 Thread 0x0000022253862720 flushing  nmethod 0x000002224def9b90
Event: 43.158 Thread 0x0000022253862720 flushing  nmethod 0x000002224defb010
Event: 43.158 Thread 0x0000022253862720 flushing  nmethod 0x000002224df28410
Event: 47.519 Thread 0x0000022253862720 flushing  nmethod 0x000002224d6a0490
Event: 47.519 Thread 0x0000022253862720 flushing  nmethod 0x000002224ddb3c90
Event: 47.519 Thread 0x0000022253862720 flushing  nmethod 0x000002224d68da10
Event: 47.519 Thread 0x0000022253862720 flushing  nmethod 0x000002224d6e3a10
Event: 47.519 Thread 0x0000022253862720 flushing  nmethod 0x000002224dd8b010
Event: 47.519 Thread 0x0000022253862720 flushing  nmethod 0x000002224dd8b490
Event: 47.519 Thread 0x0000022253862720 flushing  nmethod 0x000002224ddb8b10
Event: 47.519 Thread 0x0000022253862720 flushing  nmethod 0x000002224ddf3c10
Event: 47.519 Thread 0x0000022253862720 flushing  nmethod 0x000002224d692b10
Event: 47.519 Thread 0x0000022253862720 flushing  nmethod 0x000002224d6b1590
Event: 47.519 Thread 0x0000022253862720 flushing  nmethod 0x000002224dd53290
Event: 47.519 Thread 0x0000022253862720 flushing  nmethod 0x000002224dd96210
Event: 47.519 Thread 0x0000022253862720 flushing  nmethod 0x000002224d69f610

Events (20 events):
Event: 10.127 Thread 0x00000222585e3f50 Thread exited: 0x00000222585e3f50
Event: 10.955 Thread 0x00000222585e3230 Thread added: 0x00000222585e2ba0
Event: 11.182 Thread 0x00000222585e38c0 Thread exited: 0x00000222585e38c0
Event: 11.259 Thread 0x00000222585e2ba0 Thread exited: 0x00000222585e2ba0
Event: 21.823 Thread 0x00000222585e3230 Thread added: 0x00000222585e38c0
Event: 21.827 Thread 0x00000222585e3230 Thread added: 0x00000222585e17f0
Event: 21.842 Thread 0x00000222585e3230 Thread added: 0x00000222585e2ba0
Event: 22.250 Thread 0x00000222585e3230 Thread added: 0x00000222585e3f50
Event: 28.979 Thread 0x00000222585e3230 Thread added: 0x00000222585e45e0
Event: 29.088 Thread 0x00000222585e45e0 Thread added: 0x00000222585e4c70
Event: 31.399 Thread 0x00000222539e8170 Thread exited: 0x00000222539e8170
Event: 33.974 Thread 0x00000222539dbab0 Thread exited: 0x00000222539dbab0
Event: 35.201 Thread 0x00000222585e4c70 Thread exited: 0x00000222585e4c70
Event: 35.202 Thread 0x0000022253886340 Thread added: 0x000002225abb3990
Event: 37.295 Thread 0x000002225abb3990 Thread exited: 0x000002225abb3990
Event: 39.071 Thread 0x0000022253886340 Thread added: 0x000002225abb2520
Event: 40.987 Thread 0x000002225abb2520 Thread exited: 0x000002225abb2520
Event: 41.129 Thread 0x0000022253886340 Thread added: 0x000002225abb1780
Event: 44.531 Thread 0x00000222585e3230 Thread added: 0x00000222585e1e80
Event: 45.304 Thread 0x000002225abb1780 Thread exited: 0x000002225abb1780


Dynamic libraries:
0x00007ff720b50000 - 0x00007ff720b5e000 	C:\Users\Lucky Parashar\3D Objects\Desktop\web java class\softwares\sts-4.30.0.RELEASE\plugins\org.eclipse.justj.openjdk.hotspot.jre.full.win32.x86_64_21.0.6.v20250130-0529\jre\bin\javaw.exe
0x00007ffcc34a0000 - 0x00007ffcc3707000 	C:\WINDOWS\SYSTEM32\ntdll.dll
0x00007ffcc1230000 - 0x00007ffcc12f9000 	C:\WINDOWS\System32\KERNEL32.DLL
0x00007ffcc0810000 - 0x00007ffcc0c00000 	C:\WINDOWS\System32\KERNELBASE.dll
0x00007ffcc0600000 - 0x00007ffcc074b000 	C:\WINDOWS\System32\ucrtbase.dll
0x00007ffcba4e0000 - 0x00007ffcba4f8000 	C:\Users\Lucky Parashar\3D Objects\Desktop\web java class\softwares\sts-4.30.0.RELEASE\plugins\org.eclipse.justj.openjdk.hotspot.jre.full.win32.x86_64_21.0.6.v20250130-0529\jre\bin\jli.dll
0x00007ffcc2f10000 - 0x00007ffcc30d5000 	C:\WINDOWS\System32\USER32.dll
0x00007ffcc05d0000 - 0x00007ffcc05f7000 	C:\WINDOWS\System32\win32u.dll
0x00007ffcc30e0000 - 0x00007ffcc310b000 	C:\WINDOWS\System32\GDI32.dll
0x00007ffcc0c10000 - 0x00007ffcc0d48000 	C:\WINDOWS\System32\gdi32full.dll
0x00007ffcc0de0000 - 0x00007ffcc0e83000 	C:\WINDOWS\System32\msvcp_win.dll
0x00007ffcb86a0000 - 0x00007ffcb86be000 	C:\Users\Lucky Parashar\3D Objects\Desktop\web java class\softwares\sts-4.30.0.RELEASE\plugins\org.eclipse.justj.openjdk.hotspot.jre.full.win32.x86_64_21.0.6.v20250130-0529\jre\bin\VCRUNTIME140.dll
0x00007ffcbf7c0000 - 0x00007ffcbfa5a000 	C:\WINDOWS\WinSxS\amd64_microsoft.windows.common-controls_6595b64144ccf1df_6.0.26100.4768_none_3e0c112ce331287c\COMCTL32.dll
0x00007ffcc3290000 - 0x00007ffcc3339000 	C:\WINDOWS\System32\msvcrt.dll
0x00007ffcc2d80000 - 0x00007ffcc2daf000 	C:\WINDOWS\System32\IMM32.DLL
0x00007ffcb8820000 - 0x00007ffcb882c000 	C:\Users\Lucky Parashar\3D Objects\Desktop\web java class\softwares\sts-4.30.0.RELEASE\plugins\org.eclipse.justj.openjdk.hotspot.jre.full.win32.x86_64_21.0.6.v20250130-0529\jre\bin\vcruntime140_1.dll
0x00007ffca1060000 - 0x00007ffca10ed000 	C:\Users\Lucky Parashar\3D Objects\Desktop\web java class\softwares\sts-4.30.0.RELEASE\plugins\org.eclipse.justj.openjdk.hotspot.jre.full.win32.x86_64_21.0.6.v20250130-0529\jre\bin\msvcp140.dll
0x00007ffc65620000 - 0x00007ffc663b0000 	C:\Users\Lucky Parashar\3D Objects\Desktop\web java class\softwares\sts-4.30.0.RELEASE\plugins\org.eclipse.justj.openjdk.hotspot.jre.full.win32.x86_64_21.0.6.v20250130-0529\jre\bin\server\jvm.dll
0x00007ffcc1300000 - 0x00007ffcc13b4000 	C:\WINDOWS\System32\ADVAPI32.dll
0x00007ffcc26b0000 - 0x00007ffcc2756000 	C:\WINDOWS\System32\sechost.dll
0x00007ffcc3340000 - 0x00007ffcc3458000 	C:\WINDOWS\System32\RPCRT4.dll
0x00007ffcc2140000 - 0x00007ffcc21b4000 	C:\WINDOWS\System32\WS2_32.dll
0x00007ffcc0450000 - 0x00007ffcc04ae000 	C:\WINDOWS\SYSTEM32\POWRPROF.dll
0x00007ffcb7c90000 - 0x00007ffcb7cc5000 	C:\WINDOWS\SYSTEM32\WINMM.dll
0x00007ffcb7cd0000 - 0x00007ffcb7cdb000 	C:\WINDOWS\SYSTEM32\VERSION.dll
0x00007ffcc0430000 - 0x00007ffcc0444000 	C:\WINDOWS\SYSTEM32\UMPDC.dll
0x00007ffcbea10000 - 0x00007ffcbea2b000 	C:\WINDOWS\SYSTEM32\kernel.appcore.dll
0x00007ffcbfd10000 - 0x00007ffcbfd1a000 	C:\Users\Lucky Parashar\3D Objects\Desktop\web java class\softwares\sts-4.30.0.RELEASE\plugins\org.eclipse.justj.openjdk.hotspot.jre.full.win32.x86_64_21.0.6.v20250130-0529\jre\bin\jimage.dll
0x00007ffcbfd90000 - 0x00007ffcbffd1000 	C:\WINDOWS\SYSTEM32\DBGHELP.DLL
0x00007ffcc1540000 - 0x00007ffcc18c5000 	C:\WINDOWS\System32\combase.dll
0x00007ffcc2760000 - 0x00007ffcc2840000 	C:\WINDOWS\System32\OLEAUT32.dll
0x00007ffcbfc70000 - 0x00007ffcbfcb3000 	C:\WINDOWS\SYSTEM32\dbgcore.DLL
0x00007ffcc1010000 - 0x00007ffcc10a9000 	C:\WINDOWS\System32\bcryptPrimitives.dll
0x00007ffcba6e0000 - 0x00007ffcba6ff000 	C:\Users\Lucky Parashar\3D Objects\Desktop\web java class\softwares\sts-4.30.0.RELEASE\plugins\org.eclipse.justj.openjdk.hotspot.jre.full.win32.x86_64_21.0.6.v20250130-0529\jre\bin\java.dll
0x00007ffcc18d0000 - 0x00007ffcc201d000 	C:\WINDOWS\System32\SHELL32.dll
0x00007ffcc10b0000 - 0x00007ffcc1223000 	C:\WINDOWS\System32\wintypes.dll
0x00007ffcbd760000 - 0x00007ffcbdfbf000 	C:\WINDOWS\SYSTEM32\windows.storage.dll
0x00007ffcc13c0000 - 0x00007ffcc14b5000 	C:\WINDOWS\System32\SHCORE.dll
0x00007ffcc3110000 - 0x00007ffcc317a000 	C:\WINDOWS\System32\shlwapi.dll
0x00007ffcc04f0000 - 0x00007ffcc0519000 	C:\WINDOWS\SYSTEM32\profapi.dll
0x00007ffcb8830000 - 0x00007ffcb8848000 	C:\Users\Lucky Parashar\3D Objects\Desktop\web java class\softwares\sts-4.30.0.RELEASE\plugins\org.eclipse.justj.openjdk.hotspot.jre.full.win32.x86_64_21.0.6.v20250130-0529\jre\bin\zip.dll
0x00007ffcbc640000 - 0x00007ffcbc650000 	C:\Users\Lucky Parashar\3D Objects\Desktop\web java class\softwares\sts-4.30.0.RELEASE\plugins\org.eclipse.justj.openjdk.hotspot.jre.full.win32.x86_64_21.0.6.v20250130-0529\jre\bin\net.dll
0x00007ffcb48d0000 - 0x00007ffcb49ee000 	C:\WINDOWS\SYSTEM32\WINHTTP.dll
0x00007ffcbef60000 - 0x00007ffcbefcb000 	C:\WINDOWS\system32\mswsock.dll
0x00007ffcb8710000 - 0x00007ffcb8726000 	C:\Users\Lucky Parashar\3D Objects\Desktop\web java class\softwares\sts-4.30.0.RELEASE\plugins\org.eclipse.justj.openjdk.hotspot.jre.full.win32.x86_64_21.0.6.v20250130-0529\jre\bin\nio.dll
0x00007ffcb5390000 - 0x00007ffcb539a000 	C:\Users\Lucky Parashar\3D Objects\Desktop\web java class\softwares\sts-4.30.0.RELEASE\plugins\org.eclipse.justj.openjdk.hotspot.jre.full.win32.x86_64_21.0.6.v20250130-0529\jre\bin\management.dll
0x00007ffcb2540000 - 0x00007ffcb254b000 	C:\Users\Lucky Parashar\3D Objects\Desktop\web java class\softwares\sts-4.30.0.RELEASE\plugins\org.eclipse.justj.openjdk.hotspot.jre.full.win32.x86_64_21.0.6.v20250130-0529\jre\bin\management_ext.dll
0x00007ffcc3280000 - 0x00007ffcc3288000 	C:\WINDOWS\System32\PSAPI.DLL
0x00007ffc9fc00000 - 0x00007ffc9fc18000 	C:\WINDOWS\system32\napinsp.dll
0x00007ffcbe4d0000 - 0x00007ffcbe5f6000 	C:\WINDOWS\SYSTEM32\DNSAPI.dll
0x00007ffcbe440000 - 0x00007ffcbe473000 	C:\WINDOWS\SYSTEM32\IPHLPAPI.DLL
0x00007ffcc2c00000 - 0x00007ffcc2c0a000 	C:\WINDOWS\System32\NSI.dll
0x00007ffc9fb80000 - 0x00007ffc9fb92000 	C:\WINDOWS\System32\winrnr.dll
0x00007ffc9fb40000 - 0x00007ffc9fb70000 	C:\WINDOWS\system32\nlansp_c.dll
0x00007ffcb4500000 - 0x00007ffcb4520000 	C:\WINDOWS\system32\wshbth.dll
0x00007ffcb0e80000 - 0x00007ffcb0e8b000 	C:\Windows\System32\rasadhlp.dll
0x00007ffcb3550000 - 0x00007ffcb35d6000 	C:\WINDOWS\System32\fwpuclnt.dll
0x00007ffcc0100000 - 0x00007ffcc011b000 	C:\WINDOWS\SYSTEM32\CRYPTSP.dll
0x00007ffcbf030000 - 0x00007ffcbf06b000 	C:\WINDOWS\system32\rsaenh.dll
0x00007ffcbf000000 - 0x00007ffcbf02b000 	C:\WINDOWS\SYSTEM32\USERENV.dll
0x00007ffcc04c0000 - 0x00007ffcc04e6000 	C:\WINDOWS\SYSTEM32\bcrypt.dll
0x00007ffcbf5f0000 - 0x00007ffcbf5fc000 	C:\WINDOWS\SYSTEM32\CRYPTBASE.dll
0x00007ffcb8700000 - 0x00007ffcb8709000 	C:\Users\Lucky Parashar\3D Objects\Desktop\web java class\softwares\sts-4.30.0.RELEASE\plugins\org.eclipse.justj.openjdk.hotspot.jre.full.win32.x86_64_21.0.6.v20250130-0529\jre\bin\extnet.dll
0x00007ffcb88b0000 - 0x00007ffcb88be000 	C:\Users\Lucky Parashar\3D Objects\Desktop\web java class\softwares\sts-4.30.0.RELEASE\plugins\org.eclipse.justj.openjdk.hotspot.jre.full.win32.x86_64_21.0.6.v20250130-0529\jre\bin\sunmscapi.dll
0x00007ffcc0e90000 - 0x00007ffcc1007000 	C:\WINDOWS\System32\CRYPT32.dll
0x00007ffcbf5b0000 - 0x00007ffcbf5e0000 	C:\WINDOWS\SYSTEM32\ncrypt.dll
0x00007ffcbf4c0000 - 0x00007ffcbf4ff000 	C:\WINDOWS\SYSTEM32\NTASN1.dll
0x00007ffcba450000 - 0x00007ffcba460000 	C:\Users\Lucky Parashar\3D Objects\Desktop\web java class\softwares\sts-4.30.0.RELEASE\plugins\org.eclipse.justj.openjdk.hotspot.jre.full.win32.x86_64_21.0.6.v20250130-0529\jre\bin\verify.dll

dbghelp: loaded successfully - version: 4.0.5 - missing functions: none
symbol engine: initialized successfully - sym options: 0x614 - pdb path: .;C:\Users\Lucky Parashar\3D Objects\Desktop\web java class\softwares\sts-4.30.0.RELEASE\plugins\org.eclipse.justj.openjdk.hotspot.jre.full.win32.x86_64_21.0.6.v20250130-0529\jre\bin;C:\WINDOWS\SYSTEM32;C:\WINDOWS\WinSxS\amd64_microsoft.windows.common-controls_6595b64144ccf1df_6.0.26100.4768_none_3e0c112ce331287c;C:\Users\Lucky Parashar\3D Objects\Desktop\web java class\softwares\sts-4.30.0.RELEASE\plugins\org.eclipse.justj.openjdk.hotspot.jre.full.win32.x86_64_21.0.6.v20250130-0529\jre\bin\server

VM Arguments:
jvm_args: -Dcom.sun.management.jmxremote -Dcom.sun.management.jmxremote.port=59249 -Dcom.sun.management.jmxremote.authenticate=false -Dcom.sun.management.jmxremote.ssl=false -Djava.rmi.server.hostname=localhost -Dspring.jmx.enabled=true -Dmanagement.endpoints.jmx.exposure.include=* -Dspring.application.admin.enabled=true -Dspring.output.ansi.enabled=always -XX:TieredStopAtLevel=1 -Dspring.boot.project.name=EquipmentService -Dfile.encoding=UTF-8 -Dstdout.encoding=UTF-8 -Dstderr.encoding=UTF-8 -XX:+ShowCodeDetailsInExceptionMessages 
java_command: com.greengear.equipment.GreanGearEquipment
java_class_path (initial): C:\Users\Lucky Parashar\3D Objects\Desktop\green\EquipmentService\target\classes;C:\Users\Lucky Parashar\.m2\repository\org\springframework\boot\spring-boot-starter-actuator\3.5.0\spring-boot-starter-actuator-3.5.0.jar;C:\Users\Lucky Parashar\.m2\repository\org\springframework\boot\spring-boot-starter\3.5.0\spring-boot-starter-3.5.0.jar;C:\Users\Lucky Parashar\.m2\repository\org\springframework\boot\spring-boot-starter-logging\3.5.0\spring-boot-starter-logging-3.5.0.jar;C:\Users\Lucky Parashar\.m2\repository\ch\qos\logback\logback-classic\1.5.18\logback-classic-1.5.18.jar;C:\Users\Lucky Parashar\.m2\repository\ch\qos\logback\logback-core\1.5.18\logback-core-1.5.18.jar;C:\Users\Lucky Parashar\.m2\repository\org\apache\logging\log4j\log4j-to-slf4j\2.24.3\log4j-to-slf4j-2.24.3.jar;C:\Users\Lucky Parashar\.m2\repository\org\apache\logging\log4j\log4j-api\2.24.3\log4j-api-2.24.3.jar;C:\Users\Lucky Parashar\.m2\repository\org\slf4j\jul-to-slf4j\2.0.17\jul-to-slf4j-2.0.17.jar;C:\Users\Lucky Parashar\.m2\repository\jakarta\annotation\jakarta.annotation-api\2.1.1\jakarta.annotation-api-2.1.1.jar;C:\Users\Lucky Parashar\.m2\repository\org\yaml\snakeyaml\2.4\snakeyaml-2.4.jar;C:\Users\Lucky Parashar\.m2\repository\org\springframework\boot\spring-boot-actuator-autoconfigure\3.5.0\spring-boot-actuator-autoconfigure-3.5.0.jar;C:\Users\Lucky Parashar\.m2\repository\org\springframework\boot\spring-boot-actuator\3.5.0\spring-boot-actuator-3.5.0.jar;C:\Users\Lucky Parashar\.m2\repository\com\fasterxml\jackson\datatype\jackson-datatype-jsr310\2.19.0\jackson-datatype-jsr310-2.19.0.jar;C:\Users\Lucky Parashar\.m2\repository\io\micrometer\micrometer-observation\1.15.0\micrometer-observation-1.15.0.jar;C:\Users\Lucky Parashar\.m2\repository\io\micrometer\micrometer-commons\1.15.0\micrometer-commons-1.15.0.jar;C:\Users\Lucky Parashar\.m2\repository\io\micrometer\micrometer-jakarta9\1.15.0\micrometer-jakarta9-1.15.0.jar;C:\Users\Lucky Parashar\.m2\repository\io\micrometer\micrometer-core\1.15.0\micrometer-core-1.15.0.jar;C:\Users\Lucky Parashar\.m2\repository\org\hdrhistogram\HdrHistogram\2.2.2\HdrHistogram-2.2.2.jar;C:\Users\Lucky Parashar\.m2\repository\org\latencyutils\LatencyUtils\2.0.3\LatencyUtils-2.0.3.jar;C:\Users\Lucky Parashar\.m2\repository\org\springframework\boot\spring-boot-starter-data-jpa\3.5.0\spring-boot-starter-data-jpa-3.5.0.jar;C:\Users\Lucky Parashar\.m2\repository\org\springframework\boot\spring-boot-starter-jdbc\3.5.0\spring-boot-starter-jdbc-3.5.0.jar;C:\Users\Lucky Parashar\.m2\repository\com\zaxxer\HikariCP\6.3.0\HikariCP-6.3.0.jar;C:\Users\Lucky Parashar\.m2\repository\org\springframework\spring-jdbc\6.2.7\spring-jdbc-6.2.7.jar;C:\Users\Lucky Parashar\.m2\repository\org\hibernate\orm\hibernate-core\6.6.15.Final\hibernate-core-6.6.15.Final.jar;C:\Users\Lucky Parashar\.m2\repository\jakarta\persistence\jakarta.persistence-api\3.1.0\jakarta.persistence-api-3.1.0.jar;C:\Users\Lucky Parashar\.m2\repository\jakarta\transaction\jakarta.transaction-api\2.0.1\jakarta.transaction-api-2.0.1.jar;C:\Users\Lucky Parashar\.m2\repository\org\jboss\logging\jboss-logging\3.6.1.Final\jboss-logging-3.6.1.Final.jar;C:\Users\Lucky Parashar\.m2\repository\org\hibernate\common\hibernate-commons-annotations\7.0.3.Final\hibernate-commons-annotations-7.0.3.Final.jar;C:\Users\Lucky Parashar\.m2\repository\io\smallrye\jandex\3.2.0\jandex-3.2.0.jar;C:\Users\Lucky Parashar\.m2\repository\com\fasterxml\classmate\1.7.0\classmate-1.7.0.jar;C:\Users\Lucky Parashar\.m2\repository\net\bytebuddy\byte-buddy\1.17.5\byte-buddy-1.17.5.jar;C:\Users\Lucky Parashar\.m2\repository\org\glassfish\jaxb\jaxb-runtime\4.0.5\jaxb-runtime-4.0.5.jar;C:\Users\Lucky Parashar\.m2\repository\org\glassfish\jaxb\jaxb-core\4.0.5\jaxb-core-4.0.5.jar;C:\Users\Lucky Parashar\.m2\repository\org\glassfish\jaxb\txw2\4.0.5\txw2-4.0.5.jar;C:\Users\Lucky Parashar\.m2\repository\com\sun\istack\istack-commons-runtime\4.1.2\istack-commons-runtime-4.1.2.jar;C:\Users\Lucky Parashar\.m2\repository\jakarta\inject\jakarta.inject-api\2.0.1\jakarta.inject-api-2.0.1.jar;C:\Users\Lucky Parashar\.m2\repository\org\antlr\antlr4-runtime\4.13.0\antlr4-runtime-4.13.0.jar;C:\Users\Lucky Parashar\.m2\repository\org\springframework\data\spring-data-jpa\3.5.0\spring-data-jpa-3.5.0.jar;C:\Users\Lucky Parashar\.m2\repository\org\springframework\data\spring-data-commons\3.5.0\spring-data-commons-3.5.0.jar;C:\Users\Lucky Parashar\.m2\repository\org\springframework\spring-orm\6.2.7\spring-orm-6.2.7.jar;C:\Users\Lucky Parashar\.m2\repository\org\springframework\spring-context\6.2.7\spring-context-6.2.7.jar;C:\Users\Lucky Parashar\.m2\repository\org\springframework\spring-tx\6.2.7\spring-tx-6.2.7.jar;C:\Users\Lucky Parashar\.m2\repository\org\springframework\spring-beans\6.2.7\spring-beans-6.2.7.jar;C:\Users\Lucky Parashar\.m2\repository\org\slf4j\slf4j-api\2.0.17\slf4j-api-2.0.17.jar;C:\Users\Lucky Parashar\.m2\repository\org\springframework\spring-aspects\6.2.7\spring-aspects-6.2.7.jar;C:\Users\Lucky Parashar\.m2\repository\org\aspectj\aspectjweaver\1.9.24\aspectjweaver-1.9.24.jar;C:\Users\Lucky Parashar\.m2\repository\org\springframework\boot\spring-boot-starter-validation\3.5.0\spring-boot-starter-validation-3.5.0.jar;C:\Users\Lucky Parashar\.m2\repository\org\apache\tomcat\embed\tomcat-embed-el\10.1.41\tomcat-embed-el-10.1.41.jar;C:\Users\Lucky Parashar\.m2\repository\org\hibernate\validator\hibernate-validator\8.0.2.Final\hibernate-validator-8.0.2.Final.jar;C:\Users\Lucky Parashar\.m2\repository\jakarta\validation\jakarta.validation-api\3.0.2\jakarta.validation-api-3.0.2.jar;C:\Users\Lucky Parashar\.m2\repository\org\springframework\boot\spring-boot-starter-web\3.5.0\spring-boot-starter-web-3.5.0.jar;C:\Users\Lucky Parashar\.m2\repository\org\springframework\boot\spring-boot-starter-json\3.5.0\spring-boot-starter-json-3.5.0.jar;C:\Users\Lucky Parashar\.m2\repository\com\fasterxml\jackson\datatype\jackson-datatype-jdk8\2.19.0\jackson-datatype-jdk8-2.19.0.jar;C:\Users\Lucky Parashar\.m2\repository\com\fasterxml\jackson\module\jackson-module-parameter-names\2.19.0\jackson-module-parameter-names-2.19.0.jar;C:\Users\Lucky Parashar\.m2\repository\org\springframework\boot\spring-boot-starter-tomcat\3.5.0\spring-boot-starter-tomcat-3.5.0.jar;C:\Users\Lucky Parashar\.m2\repository\org\apache\tomcat\embed\tomcat-embed-core\10.1.41\tomcat-embed-core-10.1.41.jar;C:\Users\Lucky Parashar\.m2\repository\org\apache\tomcat\embed\tomcat-embed-websocket\10.1.41\tomcat-embed-websocket-10.1.41.jar;C:\Users\Lucky Parashar\.m2\repository\org\springframework\spring-web\6.2.7\spring-web-6.2.7.jar;C:\Users\Lucky Parashar\.m2\repository\org\springframework\spring-webmvc\6.2.7\spring-webmvc-6.2.7.jar;C:\Users\Lucky Parashar\.m2\repository\org\springframework\spring-expression\6.2.7\spring-expression-6.2.7.jar;C:\Users\Lucky Parashar\.m2\repository\org\springframework\boot\spring-boot-starter-web-services\3.5.0\spring-boot-starter-web-services-3.5.0.jar;C:\Users\Lucky Parashar\.m2\repository\com\sun\xml\messaging\saaj\saaj-impl\3.0.4\saaj-impl-3.0.4.jar;C:\Users\Lucky Parashar\.m2\repository\jakarta\xml\soap\jakarta.xml.soap-api\3.0.2\jakarta.xml.soap-api-3.0.2.jar;C:\Users\Lucky Parashar\.m2\repository\org\jvnet\staxex\stax-ex\2.1.0\stax-ex-2.1.0.jar;C:\Users\Lucky Parashar\.m2\repository\jakarta\activation\jakarta.activation-api\2.1.3\jakarta.activation-api-2.1.3.jar;C:\Users\Lucky Parashar\.m2\repository\org\eclipse\angus\angus-activation\2.0.2\angus-activation-2.0.2.jar;C:\Users\Lucky Parashar\.m2\repository\jakarta\xml\ws\jakarta.xml.ws-api\4.0.2\jakarta.xml.ws-api-4.0.2.jar;C:\Users\Lucky Parashar\.m2\repository\org\springframework\spring-oxm\6.2.7\spring-oxm-6.2.7.jar;C:\Users\Lucky Parashar\.m2\repository\org\springframework\ws\spring-ws-core\4.1.0\spring-ws-core-4.1.0.jar;C:\Users\Lucky Parashar\.m2\repository\org\springframework\ws\spring-xml\4.1.0\spring-xml-4.1.0.jar;C:\Users\Lucky Parashar\.m2\repository\org\springframework\boot\spring-boot-devtools\3.5.0\spring-boot-devtools-3.5.0.jar;C:\Users\Lucky Parashar\.m2\repository\org\springframework\boot\spring-boot\3.5.0\spring-boot-3.5.0.jar;C:\Users\Lucky Parashar\.m2\repository\org\springframework\boot\spring-boot-autoconfigure\3.5.0\spring-boot-autoconfigure-3.5.0.jar;C:\Users\Lucky Parashar\.m2\repository\com\mysql\mysql-connector-j\9.2.0\mysql-connector-j-9.2.0.jar;C:\Users\Lucky Parashar\.m2\repository\org\projectlombok\lombok\1.18.38\lombok-1.18.38.jar;C:\Users\Lucky Parashar\.m2\repository\jakarta\xml\bind\jakarta.xml.bind-api\4.0.2\jakarta.xml.bind-api-4.0.2.jar;C:\Users\Lucky Parashar\.m2\repository\org\springframework\spring-core\6.2.7\spring-core-6.2.7.jar;C:\Users\Lucky Parashar\.m2\repository\org\springframework\spring-jcl\6.2.7\spring-jcl-6.2.7.jar;C:\Users\Lucky Parashar\.m2\repository\org\modelmapper\modelmapper\3.2.3\modelmapper-3.2.3.jar;C:\Users\Lucky Parashar\.m2\repository\org\springdoc\springdoc-openapi-starter-webmvc-ui\2.8.6\springdoc-openapi-starter-webmvc-ui-2.8.6.jar;C:\Users\Lucky Parashar\.m2\repository\org\springdoc\springdoc-openapi-starter-webmvc-api\2.8.6\springdoc-openapi-starter-webmvc-api-2.8.6.jar;C:\Users\Lucky Parashar\.m2\repository\org\springdoc\springdoc-openapi-starter-common\2.8.6\springdoc-openapi-starter-common-2.8.6.jar;C:\Users\Lucky Parashar\.m2\repository\io\swagger\core\v3\swagger-core-jakarta\2.2.29\swagger-core-jakarta-2.2.29.jar;C:\Users\Lucky Parashar\.m2\repository\org\apache\commons\commons-lang3\3.17.0\commons-lang3-3.17.0.jar;C:\Users\Lucky Parashar\.m2\repository\io\swagger\core\v3\swagger-annotations-jakarta\2.2.29\swagger-annotations-jakarta-2.2.29.jar;C:\Users\Lucky Parashar\.m2\repository\io\swagger\core\v3\swagger-models-jakarta\2.2.29\swagger-models-jakarta-2.2.29.jar;C:\Users\Lucky Parashar\.m2\repository\com\fasterxml\jackson\dataformat\jackson-dataformat-yaml\2.19.0\jackson-dataformat-yaml-2.19.0.jar;C:\Users\Lucky Parashar\.m2\repository\org\webjars\swagger-ui\5.20.1\swagger-ui-5.20.1.jar;C:\Users\Lucky Parashar\.m2\repository\org\webjars\webjars-locator-lite\1.1.0\webjars-locator-lite-1.1.0.jar;C:\Users\Lucky Parashar\.m2\repository\org\jspecify\jspecify\1.0.0\jspecify-1.0.0.jar;C:\Users\Lucky Parashar\.m2\repository\org\springframework\cloud\spring-cloud-starter-netflix-eureka-client\4.3.0\spring-cloud-starter-netflix-eureka-client-4.3.0.jar;C:\Users\Lucky Parashar\.m2\repository\org\springframework\cloud\spring-cloud-starter\4.3.0\spring-cloud-starter-4.3.0.jar;C:\Users\Lucky Parashar\.m2\repository\org\springframework\cloud\spring-cloud-context\4.3.0\spring-cloud-context-4.3.0.jar;C:\Users\Lucky Parashar\.m2\repository\org\springframework\cloud\spring-cloud-commons\4.3.0\spring-cloud-commons-4.3.0.jar;C:\Users\Lucky Parashar\.m2\repository\org\bouncycastle\bcprov-jdk18on\1.80\bcprov-jdk18on-1.80.jar;C:\Users\Lucky Parashar\.m2\repository\org\springframework\cloud\spring-cloud-netflix-eureka-client\4.3.0\spring-cloud-netflix-eureka-client-4.3.0.jar;C:\Users\Lucky Parashar\.m2\repository\org\apache\httpcomponents\client5\httpclient5\5.4.4\httpclient5-5.4.4.jar;C:\Users\Lucky Parashar\.m2\repository\org\apache\httpcomponents\core5\httpcore5\5.3.4\httpcore5-5.3.4.jar;C:\Users\Lucky Parashar\.m2\repository\org\apache\httpcomponents\core5\httpcore5-h2\5.3.4\httpcore5-h2-5.3.4.jar;C:\Users\Lucky Parashar\.m2\repository\com\netflix\eureka\eureka-client\2.0.4\eureka-client-2.0.4.jar;C:\Users\Lucky Parashar\.m2\repository\com\thoughtworks\xstream\xstream\1.4.20\xstream-1.4.20.jar;C:\Users\Lucky Parashar\.m2\repository\io\github\x-stream\mxparser\1.2.2\mxparser-1.2.2.jar;C:\Users\Lucky Parashar\.m2\repository\xmlpull\xmlpull\1.1.3.1\xmlpull-1.1.3.1.jar;C:\Users\Lucky Parashar\.m2\repository\jakarta\ws\rs\jakarta.ws.rs-api\3.1.0\jakarta.ws.rs-api-3.1.0.jar;C:\Users\Lucky Parashar\.m2\repository\com\netflix\spectator\spectator-api\1.7.3\spectator-api-1.7.3.jar;C:\Users\Lucky Parashar\.m2\repository\org\apache\httpcomponents\httpclient\4.5.3\httpclient-4.5.3.jar;C:\Users\Lucky Parashar\.m2\repository\org\apache\httpcomponents\httpcore\4.4.16\httpcore-4.4.16.jar;C:\Users\Lucky Parashar\.m2\repository\commons-codec\commons-codec\1.18.0\commons-codec-1.18.0.jar;C:\Users\Lucky Parashar\.m2\repository\commons-configuration\commons-configuration\1.10\commons-configuration-1.10.jar;C:\Users\Lucky Parashar\.m2\repository\commons-lang\commons-lang\2.6\commons-lang-2.6.jar;C:\Users\Lucky Parashar\.m2\repository\com\fasterxml\jackson\core\jackson-annotations\2.19.0\jackson-annotations-2.19.0.jar;C:\Users\Lucky Parashar\.m2\repository\com\fasterxml\jackson\core\jackson-core\2.19.0\jackson-core-2.19.0.jar;C:\Users\Lucky Parashar\.m2\repository\com\netflix\netflix-commons\netflix-eventbus\0.3.0\netflix-eventbus-0.3.0.jar;C:\Users\Lucky Parashar\.m2\repository\com\netflix\netflix-commons\netflix-infix\0.3.0\netflix-infix-0.3.0.jar;C:\Users\Lucky Parashar\.m2\repository\commons-jxpath\commons-jxpath\1.3\commons-jxpath-1.3.jar;C:\Users\Lucky Parashar\.m2\repository\joda-time\joda-time\2.3\joda-time-2.3.jar;C:\Users\Lucky Parashar\.m2\repository\org\antlr\antlr-runtime\3.4\antlr-runtime-3.4.jar;C:\Users\Lucky Parashar\.m2\repository\org\antlr\stringtemplate\3.2.1\stringtemplate-3.2.1.jar;C:\Users\Lucky Parashar\.m2\repository\antlr\antlr\2.7.7\antlr-2.7.7.jar;C:\Users\Lucky Parashar\.m2\repository\com\google\guava\guava\14.0.1\guava-14.0.1.jar;C:\Users\Lucky Parashar\.m2\repository\com\google\code\gson\gson\2.13.1\gson-2.13.1.jar;C:\Users\Lucky Parashar\.m2\repository\com\google\errorprone\error_prone_annotations\2.38.0\error_prone_annotations-2.38.0.jar;C:\Users\Lucky Parashar\.m2\repository\com\netflix\servo\servo-core\0.5.3\servo-core-0.5.3.jar;C:\Users\Lucky Parashar\.m2\repository\org\apache\commons\commons-math\2.2\commons-math-2.2.jar;C:\Users\Lucky Parashar\.m2\repository\javax\annotation\javax.annotation-api\1.2\javax.annotation-api-1.2.jar;C:\Users\Lucky Parashar\.m2\repository\org\codehaus\jettison\jettison\1.5.4\jettison-1.5.4.jar;C:\Users\Lucky Parashar\.m2\repository\org\springframework\cloud\spring-cloud-starter-loadbalancer\4.3.0\spring-cloud-starter-loadbalancer-4.3.0.jar;C:\Users\Lucky Parashar\.m2\repository\org\springframework\cloud\spring-cloud-loadbalancer\4.3.0\spring-cloud-loadbalancer-4.3.0.jar;C:\Users\Lucky Parashar\.m2\repository\io\projectreactor\reactor-core\3.7.6\reactor-core-3.7.6.jar;C:\Users\Lucky Parashar\.m2\repository\org\reactivestreams\reactive-streams\1.0.4\reactive-streams-1.0.4.jar;C:\Users\Lucky Parashar\.m2\repository\io\projectreactor\addons\reactor-extra\3.5.2\reactor-extra-3.5.2.jar;C:\Users\Lucky Parashar\.m2\repository\org\springframework\boot\spring-boot-starter-cache\3.5.0\spring-boot-starter-cache-3.5.0.jar;C:\Users\Lucky Parashar\.m2\repository\org\springframework\spring-context-support\6.2.7\spring-context-support-6.2.7.jar;C:\Users\Lucky Parashar\.m2\repository\com\stoyanr\evictor\1.0.0\evictor-1.0.0.jar;C:\Users\Lucky Parashar\.m2\repository\org\springframework\boot\spring-boot-starter-security\3.5.0\spring-boot-starter-security-3.5.0.jar;C:\Users\Lucky Parashar\.m2\repository\org\springframework\spring-aop\6.2.7\spring-aop-6.2.7.jar;C:\Users\Lucky Parashar\.m2\repository\org\springframework\security\spring-security-config\6.5.0\spring-security-config-6.5.0.jar;C:\Users\Lucky Parashar\.m2\repository\org\springframework\security\spring-security-web\6.5.0\spring-security-web-6.5.0.jar;C:\Users\Lucky Parashar\.m2\repository\org\springframework\security\spring-security-core\6.5.0\spring-security-core-6.5.0.jar;C:\Users\Lucky Parashar\.m2\repository\org\springframework\security\spring-security-crypto\6.5.0\spring-security-crypto-6.5.0.jar;C:\Users\Lucky Parashar\.m2\repository\io\jsonwebtoken\jjwt-api\0.12.6\jjwt-api-0.12.6.jar;C:\Users\Lucky Parashar\.m2\repository\io\jsonwebtoken\jjwt-impl\0.12.6\jjwt-impl-0.12.6.jar;C:\Users\Lucky Parashar\.m2\repository\io\jsonwebtoken\jjwt-jackson\0.12.6\jjwt-jackson-0.12.6.jar;C:\Users\Lucky Parashar\.m2\repository\com\fasterxml\jackson\core\jackson-databind\2.19.0\jackson-databind-2.19.0.jar
Launcher Type: SUN_STANDARD

[Global flags]
     intx CICompilerCount                          = 3                                         {product} {ergonomic}
     uint ConcGCThreads                            = 1                                         {product} {ergonomic}
     uint G1ConcRefinementThreads                  = 4                                         {product} {ergonomic}
   size_t G1HeapRegionSize                         = 1048576                                   {product} {ergonomic}
    uintx GCDrainStackTargetSize                   = 64                                        {product} {ergonomic}
   size_t InitialHeapSize                          = 58720256                                  {product} {ergonomic}
     bool ManagementServer                         = true                                      {product} {command line}
   size_t MarkStackSize                            = 4194304                                   {product} {ergonomic}
   size_t MaxHeapSize                              = 918552576                                 {product} {ergonomic}
   size_t MaxNewSize                               = 550502400                                 {product} {ergonomic}
   size_t MinHeapDeltaBytes                        = 1048576                                   {product} {ergonomic}
   size_t MinHeapSize                              = 8388608                                   {product} {ergonomic}
    uintx NonNMethodCodeHeapSize                   = 4096                                   {pd product} {ergonomic}
    uintx NonProfiledCodeHeapSize                  = 0                                      {pd product} {ergonomic}
     bool ProfileInterpreter                       = false                                  {pd product} {command line}
    uintx ProfiledCodeHeapSize                     = 0                                      {pd product} {ergonomic}
     bool ShowCodeDetailsInExceptionMessages       = true                                   {manageable} {command line}
   size_t SoftMaxHeapSize                          = 918552576                              {manageable} {ergonomic}
     intx TieredStopAtLevel                        = 1                                         {product} {command line}
     bool UseCompressedOops                        = true                           {product lp64_product} {ergonomic}
     bool UseG1GC                                  = true                                      {product} {ergonomic}
     bool UseLargePagesIndividualAllocation        = false                                  {pd product} {ergonomic}

Logging:
Log output configuration:
 #0: stdout all=warning uptime,level,tags foldmultilines=false
 #1: stderr all=off uptime,level,tags foldmultilines=false

Environment Variables:
PATH=C:/Users/Lucky Parashar/3D Objects/Desktop/web java class/softwares/sts-4.30.0.RELEASE//plugins/org.eclipse.justj.openjdk.hotspot.jre.full.win32.x86_64_21.0.6.v20250130-0529/jre/bin/server;C:/Users/Lucky Parashar/3D Objects/Desktop/web java class/softwares/sts-4.30.0.RELEASE//plugins/org.eclipse.justj.openjdk.hotspot.jre.full.win32.x86_64_21.0.6.v20250130-0529/jre/bin;C:\Program Files\Java\jdk-11.0.16\bin;C:\Program Files\Java\jdk-21\bin;C:\Program Files\Common Files\Oracle\Java\javapath;C:\WINDOWS\system32;C:\WINDOWS;C:\WINDOWS\System32\Wbem;C:\WINDOWS\System32\WindowsPowerShell\v1.0\;C:\WINDOWS\System32\OpenSSH\;C:\Program Files\Git\cmd;C:\Program Files\nodejs\;C:\ProgramData\chocolatey\bin;C:\Users\Lucky Parashar\3D Objects\Desktop\s\stripe_1.28.0_windows_x86_64;C:\Program Files\Java\jdk-20\bin;C:\Program Files\HP\HP One Agent;C:\WINDOWS\system32;C:\WINDOWS;C:\WINDOWS\System32\Wbem;C:\WINDOWS\System32\WindowsPowerShell\v1.0\;C:\WINDOWS\System32\OpenSSH\;C:\Program Files\MongoDB\Server\8.0\bin;C:\Program Files\Microsoft SQL Server\150\Tools\Binn\;C:\Program Files\Microsoft SQL Server\Client SDK\ODBC\170\Tools\Binn\;C:\Program Files\dotnet\;C:\Program Files\Docker\Docker\resources\bin;C:\Users\Lucky Parashar\AppData\Local\Microsoft\WindowsApps;;C:\Users\Lucky Parashar\AppData\Local\Programs\Microsoft VS Code\bin;C:\Users\Lucky Parashar\AppData\Roaming\npm;C:\Program Files\mongosh\;C:\Users\Lucky Parashar\.dotnet\tools;C:\Users\Lucky Parashar\3D Objects\Desktop\web java class\softwares\sts-4.30.0.RELEASE;
USERNAME=Lucky Parashar
OS=Windows_NT
PROCESSOR_IDENTIFIER=AMD64 Family 23 Model 24 Stepping 1, AuthenticAMD
TMP=C:\Users\LUCKYP~1\AppData\Local\Temp
TEMP=C:\Users\LUCKYP~1\AppData\Local\Temp




Periodic native trim disabled

---------------  S Y S T E M  ---------------

OS:
 Windows 11 , 64 bit Build 26100 (10.0.26100.4768)
OS uptime: 3 days 9:19 hours
Hyper-V role detected

CPU: total 4 (initial active 4) (4 cores per cpu, 2 threads per core) family 23 model 24 stepping 1 microcode 0x8108109, cx8, cmov, fxsr, ht, mmx, 3dnowpref, sse, sse2, sse3, ssse3, sse4a, sse4.1, sse4.2, popcnt, lzcnt, tsc, tscinvbit, avx, avx2, aes, clmul, bmi1, bmi2, adx, sha, fma, vzeroupper, clflush, clflushopt, hv, rdtscp, f16c
Processor Information for the first 4 processors :
  Max Mhz: 2600, Current Mhz: 2600, Mhz Limit: 2600

Memory: 4k page, system-wide physical 3501M (252M free)
TotalPageFile size 14253M (AvailPageFile size 6M)
current process WorkingSet (physical memory assigned to process): 248M, peak: 248M
current process commit charge ("private bytes"): 314M, peak: 322M

vm_info: OpenJDK 64-Bit Server VM (21.0.6+7-LTS) for windows-amd64 JRE (21.0.6+7-LTS), built on 2025-01-21T00:00:00Z by "admin" with MS VC++ 17.7 (VS2022)

END.
